2021-02-03 21:27:31,447 [INFO] Activator:178 - 


2021-02-03 21:27:31,452 [INFO] Activator:179 - !SESSION log4j initialized
2021-02-03 21:29:02,291 [INFO] ApplicationProperties:181 - Using Application install path: C:\ST\STM32CubeIDE_1.4.0\STM32CubeIDE\plugins\com.st.stm32cube.common.mx_6.0.1.202008101643
2021-02-03 21:29:02,316 [INFO] DbMcusXml:70 - Set database path to: C:\ST\STM32CubeIDE_1.4.0\STM32CubeIDE\plugins\com.st.stm32cube.common.mx_6.0.1.202008101643\\db\/mcu/
2021-02-03 21:29:02,340 [INFO] DbBoardsPdsc:56 - Set plugin database path to: C:\ST\STM32CubeIDE_1.4.0\STM32CubeIDE\plugins\com.st.stm32cube.common.mx_6.0.1.202008101643\\db\/plugins/boardmanager/
2021-02-03 21:29:02,358 [INFO] DbMcus:258 - Set plugin images path to: C:\ST\STM32CubeIDE_1.4.0\STM32CubeIDE\plugins\com.st.stm32cube.common.mx_6.0.1.202008101643\\db\/plugins/mcufinder/images/
2021-02-03 21:29:02,358 [INFO] DbBoards:264 - Set plugin images path to: C:\ST\STM32CubeIDE_1.4.0\STM32CubeIDE\plugins\com.st.stm32cube.common.mx_6.0.1.202008101643\\db\/plugins/mcufinder/images/
2021-02-03 21:29:02,364 [INFO] DbExamples:326 - Set plugin images path to: C:\ST\STM32CubeIDE_1.4.0\STM32CubeIDE\plugins\com.st.stm32cube.common.mx_6.0.1.202008101643\\db\/plugins/mcufinder/images/
2021-02-03 21:29:02,381 [INFO] DbMcusDocs:112 - Set database path to: C:\Users\Михаил\.stmcufinder\plugins\mcufinder//mcu/
2021-02-03 21:29:02,385 [INFO] DbMcusJson:63 - Set database path to: C:\Users\Михаил\.stmcufinder\plugins\mcufinder//mcu/
2021-02-03 21:29:02,388 [INFO] DbBoardsDocs:112 - Set database path to: C:\Users\Михаил\.stmcufinder\plugins\mcufinder//mcu/
2021-02-03 21:29:02,391 [INFO] DbBoardsJson:56 - Set database path to: C:\Users\Михаил\.stmcufinder\plugins\mcufinder//mcu/
2021-02-03 21:29:02,448 [INFO] CrossReferenceDbSqlite:196 - Set database path to: C:\Users\Михаил\.stmcufinder\plugins\mcufinder//mcu/cs/
2021-02-03 21:29:02,459 [INFO] DbExamplesSqlite:800 - Set database path to: C:\Users\Михаил\.stmcufinder\plugins\mcufinder//mcu/
2021-02-03 21:29:02,845 [INFO] RulesReader:52 - Compatibility file has been processed (209 Rules)
2021-02-03 21:29:03,145 [INFO] MicroXplorer:564 - Detected Java Version = 1.8.0_252
2021-02-03 21:29:03,146 [INFO] DbMcusXml:70 - Set database path to: C:\ST\STM32CubeIDE_1.4.0\STM32CubeIDE\plugins\com.st.stm32cube.common.mx_6.0.1.202008101643\\db\/mcu/
2021-02-03 21:29:03,146 [INFO] DbBoardsPdsc:56 - Set plugin database path to: C:\ST\STM32CubeIDE_1.4.0\STM32CubeIDE\plugins\com.st.stm32cube.common.mx_6.0.1.202008101643\\db\/plugins/boardmanager/
2021-02-03 21:29:03,154 [INFO] DbMcus:258 - Set plugin images path to: C:\ST\STM32CubeIDE_1.4.0\STM32CubeIDE\plugins\com.st.stm32cube.common.mx_6.0.1.202008101643\\db\/plugins/mcufinder/images/
2021-02-03 21:29:03,157 [INFO] DbBoards:264 - Set plugin images path to: C:\ST\STM32CubeIDE_1.4.0\STM32CubeIDE\plugins\com.st.stm32cube.common.mx_6.0.1.202008101643\\db\/plugins/mcufinder/images/
2021-02-03 21:29:03,157 [INFO] DbExamples:326 - Set plugin images path to: C:\ST\STM32CubeIDE_1.4.0\STM32CubeIDE\plugins\com.st.stm32cube.common.mx_6.0.1.202008101643\\db\/plugins/mcufinder/images/
2021-02-03 21:29:03,158 [WARN] DbFile:36 - Overriding database path with different value: C:\Users\Михаил\.stmcufinder\plugins\mcufinder/ => C:\Users\Михаил\.stmcufinder\plugins\mcufinder
2021-02-03 21:29:03,158 [INFO] DbMcusDocs:112 - Set database path to: C:\Users\Михаил\.stmcufinder\plugins\mcufinder//mcu/
2021-02-03 21:29:03,158 [WARN] DbFile:36 - Overriding database path with different value: C:\Users\Михаил\.stmcufinder\plugins\mcufinder/ => C:\Users\Михаил\.stmcufinder\plugins\mcufinder
2021-02-03 21:29:03,159 [INFO] DbMcusJson:63 - Set database path to: C:\Users\Михаил\.stmcufinder\plugins\mcufinder//mcu/
2021-02-03 21:29:03,159 [WARN] DbFile:36 - Overriding database path with different value: C:\Users\Михаил\.stmcufinder\plugins\mcufinder/ => C:\Users\Михаил\.stmcufinder\plugins\mcufinder
2021-02-03 21:29:03,161 [INFO] DbBoardsDocs:112 - Set database path to: C:\Users\Михаил\.stmcufinder\plugins\mcufinder//mcu/
2021-02-03 21:29:03,161 [WARN] DbFile:36 - Overriding database path with different value: C:\Users\Михаил\.stmcufinder\plugins\mcufinder/ => C:\Users\Михаил\.stmcufinder\plugins\mcufinder
2021-02-03 21:29:03,162 [INFO] DbBoardsJson:56 - Set database path to: C:\Users\Михаил\.stmcufinder\plugins\mcufinder//mcu/
2021-02-03 21:29:03,162 [WARN] DbFile:36 - Overriding database path with different value: C:\Users\Михаил\.stmcufinder\plugins\mcufinder/ => C:\Users\Михаил\.stmcufinder\plugins\mcufinder
2021-02-03 21:29:03,162 [WARN] DbFile:36 - Overriding database path with different value: C:\Users\Михаил\.stmcufinder\plugins\mcufinder/ => C:\Users\Михаил\.stmcufinder\plugins\mcufinder
2021-02-03 21:29:03,163 [INFO] CrossReferenceDbSqlite:196 - Set database path to: C:\Users\Михаил\.stmcufinder\plugins\mcufinder//mcu/cs/
2021-02-03 21:29:03,163 [WARN] DbFile:36 - Overriding database path with different value: C:\Users\Михаил\.stmcufinder\plugins\mcufinder/ => C:\Users\Михаил\.stmcufinder\plugins\mcufinder
2021-02-03 21:29:03,163 [INFO] DbExamplesSqlite:800 - Set database path to: C:\Users\Михаил\.stmcufinder\plugins\mcufinder//mcu/
2021-02-03 21:29:03,458 [INFO] MainPanel:189 - HeapMemory: 344981504
2021-02-03 21:29:03,889 [INFO] DbMcusXml:70 - Set database path to: C:\ST\STM32CubeIDE_1.4.0\STM32CubeIDE\plugins\com.st.stm32cube.common.mx_6.0.1.202008101643\\db\/mcu/
2021-02-03 21:29:03,889 [INFO] DbBoardsPdsc:56 - Set plugin database path to: C:\ST\STM32CubeIDE_1.4.0\STM32CubeIDE\plugins\com.st.stm32cube.common.mx_6.0.1.202008101643\\db\/plugins/boardmanager/
2021-02-03 21:29:03,890 [INFO] DbMcus:258 - Set plugin images path to: C:\ST\STM32CubeIDE_1.4.0\STM32CubeIDE\plugins\com.st.stm32cube.common.mx_6.0.1.202008101643\\db\/plugins/mcufinder/images/
2021-02-03 21:29:03,890 [INFO] DbBoards:264 - Set plugin images path to: C:\ST\STM32CubeIDE_1.4.0\STM32CubeIDE\plugins\com.st.stm32cube.common.mx_6.0.1.202008101643\\db\/plugins/mcufinder/images/
2021-02-03 21:29:03,890 [INFO] DbExamples:326 - Set plugin images path to: C:\ST\STM32CubeIDE_1.4.0\STM32CubeIDE\plugins\com.st.stm32cube.common.mx_6.0.1.202008101643\\db\/plugins/mcufinder/images/
2021-02-03 21:29:03,891 [WARN] DbFile:36 - Overriding database path with different value: C:\Users\Михаил\.stmcufinder\plugins\mcufinder/ => C:\Users\Михаил\.stmcufinder\plugins\mcufinder
2021-02-03 21:29:03,892 [INFO] DbMcusDocs:112 - Set database path to: C:\Users\Михаил\.stmcufinder\plugins\mcufinder//mcu/
2021-02-03 21:29:03,894 [WARN] DbFile:36 - Overriding database path with different value: C:\Users\Михаил\.stmcufinder\plugins\mcufinder/ => C:\Users\Михаил\.stmcufinder\plugins\mcufinder
2021-02-03 21:29:03,895 [INFO] DbMcusJson:63 - Set database path to: C:\Users\Михаил\.stmcufinder\plugins\mcufinder//mcu/
2021-02-03 21:29:03,896 [WARN] DbFile:36 - Overriding database path with different value: C:\Users\Михаил\.stmcufinder\plugins\mcufinder/ => C:\Users\Михаил\.stmcufinder\plugins\mcufinder
2021-02-03 21:29:03,897 [INFO] DbBoardsDocs:112 - Set database path to: C:\Users\Михаил\.stmcufinder\plugins\mcufinder//mcu/
2021-02-03 21:29:03,897 [WARN] DbFile:36 - Overriding database path with different value: C:\Users\Михаил\.stmcufinder\plugins\mcufinder/ => C:\Users\Михаил\.stmcufinder\plugins\mcufinder
2021-02-03 21:29:03,897 [INFO] DbBoardsJson:56 - Set database path to: C:\Users\Михаил\.stmcufinder\plugins\mcufinder//mcu/
2021-02-03 21:29:03,898 [WARN] DbFile:36 - Overriding database path with different value: C:\Users\Михаил\.stmcufinder\plugins\mcufinder/ => C:\Users\Михаил\.stmcufinder\plugins\mcufinder
2021-02-03 21:29:03,899 [WARN] DbFile:36 - Overriding database path with different value: C:\Users\Михаил\.stmcufinder\plugins\mcufinder/ => C:\Users\Михаил\.stmcufinder\plugins\mcufinder
2021-02-03 21:29:03,899 [INFO] CrossReferenceDbSqlite:196 - Set database path to: C:\Users\Михаил\.stmcufinder\plugins\mcufinder//mcu/cs/
2021-02-03 21:29:03,900 [WARN] DbFile:36 - Overriding database path with different value: C:\Users\Михаил\.stmcufinder\plugins\mcufinder/ => C:\Users\Михаил\.stmcufinder\plugins\mcufinder
2021-02-03 21:29:03,900 [INFO] DbExamplesSqlite:800 - Set database path to: C:\Users\Михаил\.stmcufinder\plugins\mcufinder//mcu/
2021-02-03 21:29:03,975 [INFO] ApplicationProperties:181 - Using Application install path: C:\ST\STM32CubeIDE_1.4.0\STM32CubeIDE\plugins\com.st.stm32cube.common.mx_6.0.1.202008101643
2021-02-03 21:29:03,978 [INFO] PluginManage:178 - Search for loadable plugins [exclusion list=, ]
2021-02-03 21:29:03,982 [INFO] PluginManage:292 - Check plugin analytics
2021-02-03 21:29:04,755 [INFO] AnalyticsPlugin:203 - Accepted Software Licenses: 
2021-02-03 21:29:04,756 [INFO] AnalyticsPlugin:205 - Accepted CMSIS Pack Licenses: 
2021-02-03 21:29:04,757 [INFO] AnalyticsPlugin:207 - Accepted Firmware Licenses: 
2021-02-03 21:29:04,759 [INFO] PluginManage:342 - Loaded plugin analytics (category:tool,tabindex:-1)
2021-02-03 21:29:04,760 [INFO] PluginManage:292 - Check plugin clock
2021-02-03 21:29:04,834 [INFO] PluginManage:342 - Loaded plugin clock (category:base,tabindex:2)
2021-02-03 21:29:04,835 [INFO] PluginManage:292 - Check plugin ddr
2021-02-03 21:29:04,840 [INFO] PluginManage:342 - Loaded plugin ddr (category:tool,tabindex:6)
2021-02-03 21:29:04,840 [INFO] PluginManage:292 - Check plugin filemanager
2021-02-03 21:29:05,433 [INFO] PluginManage:342 - Loaded plugin filemanager (category:base,tabindex:10)
2021-02-03 21:29:05,433 [INFO] PluginManage:292 - Check plugin ipmanager
2021-02-03 21:29:05,458 [INFO] PluginManage:342 - Loaded plugin ipmanager (category:base,tabindex:5)
2021-02-03 21:29:05,459 [INFO] PluginManage:292 - Check plugin pinoutandconfiguration
2021-02-03 21:29:05,483 [INFO] PluginManage:342 - Loaded plugin pinoutandconfiguration (category:base,tabindex:1)
2021-02-03 21:29:05,483 [INFO] PluginManage:292 - Check plugin pinoutconfig
2021-02-03 21:29:05,648 [INFO] PluginManage:342 - Loaded plugin pinoutconfig (category:base,tabindex:0)
2021-02-03 21:29:05,649 [INFO] PluginManage:292 - Check plugin power
2021-02-03 21:29:05,672 [INFO] PluginManage:342 - Loaded plugin power (category:power,tabindex:4)
2021-02-03 21:29:05,673 [INFO] PluginManage:292 - Check plugin projectmanager
2021-02-03 21:29:05,976 [INFO] PluginManage:342 - Loaded plugin projectmanager (category:projectmanager,tabindex:3)
2021-02-03 21:29:05,976 [INFO] PluginManage:292 - Check plugin thirdparty
2021-02-03 21:29:06,346 [INFO] ThirdPartyDb:333 - Open Third Party DataBase File (C:/Users/Михаил/.stm32cubemx/plugins/thirdparty/db/thirdparties_db.xml) : 131 ms. number of Sw pack : 38
2021-02-03 21:29:06,357 [INFO] PluginManage:342 - Loaded plugin thirdparty (category:base,tabindex:-1)
2021-02-03 21:29:06,359 [INFO] PluginManage:292 - Check plugin tools
2021-02-03 21:29:06,363 [INFO] PluginManage:342 - Loaded plugin tools (category:base,tabindex:7)
2021-02-03 21:29:06,364 [INFO] PluginManage:292 - Check plugin tutovideos
2021-02-03 21:29:07,103 [INFO] PluginManage:342 - Loaded plugin tutovideos (category:base,tabindex:-1)
2021-02-03 21:29:07,104 [INFO] PluginManage:292 - Check plugin updater
2021-02-03 21:29:07,196 [INFO] PluginManage:342 - Loaded plugin updater (category:base,tabindex:12)
2021-02-03 21:29:07,198 [INFO] PluginManage:265 - PluginManage : Loaded plugins [13]
2021-02-03 21:29:08,515 [INFO] PinOutPanel:1418 - setPackage(No Configuration,No Configuration)
2021-02-03 21:29:08,839 [INFO] IPUIPlugin:64 - create IPUIPlugin
2021-02-03 21:29:08,839 [INFO] PluginManager:200 - loadIPPluginJar : add adc
2021-02-03 21:29:08,847 [INFO] IPUIPlugin:64 - create IPUIPlugin
2021-02-03 21:29:08,847 [INFO] PluginManager:200 - loadIPPluginJar : add aes
2021-02-03 21:29:08,894 [INFO] IPUIPlugin:64 - create IPUIPlugin
2021-02-03 21:29:08,895 [INFO] PluginManager:200 - loadIPPluginJar : add can
2021-02-03 21:29:08,899 [INFO] IPUIPlugin:64 - create IPUIPlugin
2021-02-03 21:29:08,899 [INFO] PluginManager:200 - loadIPPluginJar : add comp
2021-02-03 21:29:08,911 [INFO] IPUIPlugin:64 - create IPUIPlugin
2021-02-03 21:29:08,911 [INFO] PluginManager:200 - loadIPPluginJar : add cryp
2021-02-03 21:29:08,925 [INFO] IPUIPlugin:64 - create IPUIPlugin
2021-02-03 21:29:08,926 [INFO] PluginManager:200 - loadIPPluginJar : add dfsdm
2021-02-03 21:29:09,050 [INFO] IPUIPlugin:64 - create IPUIPlugin
2021-02-03 21:29:09,078 [INFO] PluginManager:200 - loadIPPluginJar : add dma
2021-02-03 21:29:09,091 [INFO] IPUIPlugin:64 - create IPUIPlugin
2021-02-03 21:29:09,092 [INFO] PluginManager:200 - loadIPPluginJar : add fatfs
2021-02-03 21:29:09,114 [INFO] IPUIPlugin:64 - create IPUIPlugin
2021-02-03 21:29:09,115 [INFO] PluginManager:200 - loadIPPluginJar : add fmc
2021-02-03 21:29:09,138 [INFO] IPUIPlugin:64 - create IPUIPlugin
2021-02-03 21:29:09,140 [INFO] PluginManager:200 - loadIPPluginJar : add freertos
2021-02-03 21:29:09,144 [INFO] IPUIPlugin:64 - create IPUIPlugin
2021-02-03 21:29:09,149 [INFO] PluginManager:200 - loadIPPluginJar : add genericplugin
2021-02-03 21:29:09,165 [INFO] IPUIPlugin:64 - create IPUIPlugin
2021-02-03 21:29:09,166 [INFO] PluginManager:200 - loadIPPluginJar : add gfxmmu
2021-02-03 21:29:09,182 [INFO] IPUIPlugin:64 - create IPUIPlugin
2021-02-03 21:29:09,183 [INFO] PluginManager:200 - loadIPPluginJar : add gic
2021-02-03 21:29:09,271 [INFO] IPUIPlugin:64 - create IPUIPlugin
2021-02-03 21:29:09,272 [INFO] PluginManager:200 - loadIPPluginJar : add gpio
2021-02-03 21:29:09,281 [INFO] IPUIPlugin:64 - create IPUIPlugin
2021-02-03 21:29:09,282 [INFO] PluginManager:200 - loadIPPluginJar : add gtzc
2021-02-03 21:29:09,308 [INFO] IPUIPlugin:64 - create IPUIPlugin
2021-02-03 21:29:09,310 [INFO] PluginManager:200 - loadIPPluginJar : add hash
2021-02-03 21:29:09,319 [INFO] IPUIPlugin:64 - create IPUIPlugin
2021-02-03 21:29:09,320 [INFO] PluginManager:200 - loadIPPluginJar : add i2c
2021-02-03 21:29:09,326 [INFO] IPUIPlugin:64 - create IPUIPlugin
2021-02-03 21:29:09,326 [INFO] PluginManager:200 - loadIPPluginJar : add i2s
2021-02-03 21:29:09,344 [INFO] IPUIPlugin:64 - create IPUIPlugin
2021-02-03 21:29:09,347 [INFO] PluginManager:200 - loadIPPluginJar : add ipddr
2021-02-03 21:29:09,351 [INFO] IPUIPlugin:64 - create IPUIPlugin
2021-02-03 21:29:09,352 [INFO] PluginManager:200 - loadIPPluginJar : add ltdc
2021-02-03 21:29:09,373 [INFO] IPUIPlugin:64 - create IPUIPlugin
2021-02-03 21:29:09,375 [INFO] PluginManager:200 - loadIPPluginJar : add mdma
2021-02-03 21:29:09,396 [INFO] IPUIPlugin:64 - create IPUIPlugin
2021-02-03 21:29:09,404 [INFO] PluginManager:200 - loadIPPluginJar : add nvic
2021-02-03 21:29:09,411 [INFO] IPUIPlugin:64 - create IPUIPlugin
2021-02-03 21:29:09,412 [INFO] PluginManager:200 - loadIPPluginJar : add opamp
2021-02-03 21:29:09,443 [INFO] IPUIPlugin:64 - create IPUIPlugin
2021-02-03 21:29:09,444 [INFO] PluginManager:200 - loadIPPluginJar : add openamp
2021-02-03 21:29:09,454 [INFO] IPUIPlugin:64 - create IPUIPlugin
2021-02-03 21:29:09,455 [INFO] PluginManager:200 - loadIPPluginJar : add pdm2pcm
2021-02-03 21:29:09,469 [INFO] IPUIPlugin:64 - create IPUIPlugin
2021-02-03 21:29:09,489 [INFO] PluginManager:200 - loadIPPluginJar : add plateformsettings
2021-02-03 21:29:09,493 [INFO] IPUIPlugin:64 - create IPUIPlugin
2021-02-03 21:29:09,494 [INFO] PluginManager:200 - loadIPPluginJar : add quadspi
2021-02-03 21:29:09,502 [INFO] IPUIPlugin:64 - create IPUIPlugin
2021-02-03 21:29:09,503 [INFO] PluginManager:200 - loadIPPluginJar : add resmgrutility
2021-02-03 21:29:09,509 [INFO] IPUIPlugin:64 - create IPUIPlugin
2021-02-03 21:29:09,510 [INFO] PluginManager:200 - loadIPPluginJar : add sai
2021-02-03 21:29:09,515 [INFO] IPUIPlugin:64 - create IPUIPlugin
2021-02-03 21:29:09,516 [INFO] PluginManager:200 - loadIPPluginJar : add spi
2021-02-03 21:29:09,531 [INFO] IPUIPlugin:64 - create IPUIPlugin
2021-02-03 21:29:09,532 [INFO] PluginManager:200 - loadIPPluginJar : add stm32_wpan
2021-02-03 21:29:09,539 [INFO] IPUIPlugin:64 - create IPUIPlugin
2021-02-03 21:29:09,540 [INFO] PluginManager:200 - loadIPPluginJar : add tim
2021-02-03 21:29:09,547 [INFO] IPUIPlugin:64 - create IPUIPlugin
2021-02-03 21:29:09,547 [INFO] PluginManager:200 - loadIPPluginJar : add touchsensing
2021-02-03 21:29:09,551 [INFO] IPUIPlugin:64 - create IPUIPlugin
2021-02-03 21:29:09,576 [INFO] PluginManager:200 - loadIPPluginJar : add tracer_emb
2021-02-03 21:29:09,583 [INFO] IPUIPlugin:64 - create IPUIPlugin
2021-02-03 21:29:09,583 [INFO] PluginManager:200 - loadIPPluginJar : add ts
2021-02-03 21:29:09,587 [INFO] IPUIPlugin:64 - create IPUIPlugin
2021-02-03 21:29:09,588 [INFO] PluginManager:200 - loadIPPluginJar : add tsc
2021-02-03 21:29:09,591 [INFO] IPUIPlugin:64 - create IPUIPlugin
2021-02-03 21:29:09,617 [INFO] PluginManager:200 - loadIPPluginJar : add ucpd
2021-02-03 21:29:09,623 [INFO] IPUIPlugin:64 - create IPUIPlugin
2021-02-03 21:29:09,624 [INFO] PluginManager:200 - loadIPPluginJar : add usart
2021-02-03 21:29:12,613 [INFO] CubeProgrammer:457 - [DDR PANEL] - PathOfProgrammer: null
2021-02-03 21:29:15,734 [FATAL] Updater:282 - Updater called before beeing initialized
2021-02-03 21:29:16,599 [FATAL] Updater:282 - Updater called before beeing initialized
2021-02-03 21:29:16,600 [WARN] ThirdParty:775 - waiting for thirdparty lock release [close project]
2021-02-03 21:29:16,600 [INFO] ThirdParty:777 - entering critical section [close project]
2021-02-03 21:29:16,602 [INFO] ThirdParty:790 - exiting critical section [close project]
2021-02-03 21:29:16,608 [INFO] PinOutPanel:1418 - setPackage(No Configuration,No Configuration)
2021-02-03 21:29:16,609 [FATAL] Updater:282 - Updater called before beeing initialized
2021-02-03 21:29:16,629 [ERROR] Updater:967 - MainUpdater not yet initialized. External WinMGr cannot be set.
2021-02-03 21:29:16,638 [INFO] CubeProgrammer:457 - [DDR PANEL] - PathOfProgrammer: C:\ST\STM32CubeIDE_1.4.0\STM32CubeIDE\plugins\com.st.stm32cube.ide.mcu.externaltools.cubeprogrammer.win32_1.4.0.202007081208\tools\bin
2021-02-03 21:29:16,654 [INFO] ProgrammerExecThread:148 - [ProgrammerAPI] CubeProgrammer command construction: C:\ST\STM32CubeIDE_1.4.0\STM32CubeIDE\plugins\com.st.stm32cube.ide.mcu.externaltools.cubeprogrammer.win32_1.4.0.202007081208\tools\bin\STM32_Programmer_CLI.exe -l
2021-02-03 21:29:17,367 [INFO] MainDdrPanel:49 - [DDR PANEL] SETTER - Set cubeProgrammerPath to: C:\ST\STM32CubeIDE_1.4.0\STM32CubeIDE\plugins\com.st.stm32cube.ide.mcu.externaltools.cubeprogrammer.win32_1.4.0.202007081208\tools\bin
2021-02-03 21:29:17,428 [INFO] Updater:904 - Updater Version found : 6.0.1
2021-02-03 21:29:17,542 [INFO] ApplicationProperties:181 - Using Application install path: C:\ST\STM32CubeIDE_1.4.0\STM32CubeIDE\plugins\com.st.stm32cube.common.mx_6.0.1.202008101643
2021-02-03 21:29:19,132 [INFO] MainUpdater:2268 - connection check result : 10
2021-02-03 21:29:19,136 [INFO] MainUpdater:239 - Updater Check For Update Now.
2021-02-03 21:29:19,138 [INFO] MicroXplorer:414 - Change Database Version : DB.6.0.0
2021-02-03 21:29:19,861 [INFO] CheckServerUpdateThread:102 - End of CheckServer Thread
2021-02-03 21:29:19,869 [INFO] MainUpdater:2268 - connection check result : 10
2021-02-03 21:29:20,499 [INFO] McuFinderGlobals:40 - Set McuFinder mode to 2 (CubeIDE integrated)
2021-02-03 21:29:20,909 [INFO] CrossSelectorPresenter:1330 - Cross Selector saved comparison directory: C:\Users\Михаил\.stmcufinder\plugins\mcufinder\mcu\cs_comparisons_mx
2021-02-03 21:29:20,936 [INFO] MultiScanPanel:193 - Auto-refresh data requested => check proxy status ongoing
2021-02-03 21:29:20,941 [INFO] FinderPluginLoader:87 - Searching for filters in installed packs
2021-02-03 21:29:20,944 [INFO] DbMcusXml:100 - Load MCU database from C:\ST\STM32CubeIDE_1.4.0\STM32CubeIDE\plugins\com.st.stm32cube.common.mx_6.0.1.202008101643\\db\/mcu/families.xml
2021-02-03 21:29:21,557 [WARN] IntegrityCheckThread:61 - waiting for thirdparty lock release [integrity check]
2021-02-03 21:29:21,558 [INFO] IntegrityCheckThread:63 - entering critical section [integrity check]
2021-02-03 21:29:24,707 [INFO] ThirdPartyDb:299 - Save Third Party DataBase File (C:/Users/Михаил/.stm32cubemx/plugins/thirdparty/db/thirdparties_db.xml) [forced]
2021-02-03 21:29:25,646 [INFO] DbMcusJson:92 - JSON generation date=Wed Jan 20 14:17:20 GMT+05:00 2021 (1611134240)
2021-02-03 21:29:26,435 [INFO] ThirdPartyDb:299 - Save Third Party DataBase File (C:/Users/Михаил/.stm32cubemx/plugins/thirdparty/db/thirdparties_db.xml) [forced]
2021-02-03 21:29:26,773 [INFO] IntegrityCheckThread:76 - exiting critical section [integrity check]
2021-02-03 21:29:26,774 [INFO] IntegrityCheckThread:79 - End integrity checks thread
2021-02-03 21:29:28,311 [INFO] DbMcus:175 - Found 1761 MCUs (1722 are supported by CubeMX, 1752 are visible in CubeMX)
2021-02-03 21:29:28,312 [INFO] ApiDb:201 - Load user favorites file C:\Users\Михаил/.stm32cubeide/favorites.mcus.txt: 0 item(s)
2021-02-03 21:29:28,313 [INFO] ApiDb:205 - User favorites MCUs=[]
2021-02-03 21:29:28,313 [INFO] DbMcus:187 - Set 0 / 0 favorites MCUs
2021-02-03 21:29:30,448 [INFO] LoadUrlFilesThread:162 - End of LoadServerUrlFiles without Thread
2021-02-03 21:29:30,713 [INFO] DetailPanel:331 - Set advertising image to C:/Users/Михаил/STM32Cube/Repository/\stm32cubemx-promo_image.jpg
2021-02-03 21:29:32,971 [INFO] McuFilterPanel:245 - Update 0 favorites MCUs
2021-02-03 21:29:33,965 [INFO] DbBoardsPdsc:94 - Found 23 items
2021-02-03 21:29:34,027 [INFO] DbBoardsPdsc:94 - Found 9 items
2021-02-03 21:29:34,055 [INFO] DbBoardsPdsc:94 - Found 29 items
2021-02-03 21:29:34,065 [INFO] DbBoardsPdsc:94 - Found 1 items
2021-02-03 21:29:34,085 [INFO] DbBoardsPdsc:94 - Found 44 items
2021-02-03 21:29:34,111 [INFO] DbBoardsPdsc:94 - Found 40 items
2021-02-03 21:29:34,125 [INFO] DbBoardsPdsc:94 - Found 2 items
2021-02-03 21:29:34,133 [INFO] DbBoardsPdsc:94 - Found 4 items
2021-02-03 21:29:34,181 [WARN] DbBoardsPdsc:258 - Board STM32H7B3I-DK: unknown feature type=Audio, name=, username=Audio stereo codec with Headphone Amp (CS42L51-CNZ), n=1
2021-02-03 21:29:34,182 [WARN] DbBoardsPdsc:258 - Board STM32H735G-DK: unknown feature type=Audio, name=, username=Audio stereo codec with Headphone Amp (WM8994ECS/R), n=1
2021-02-03 21:29:34,193 [WARN] DbBoardsPdsc:258 - Board STM32H7B3I-EVAL: unknown feature type=Audio, name=, username=Multi-Channel Audio Codec (CS42L51-CNZ), n=1
2021-02-03 21:29:34,193 [WARN] DbBoardsPdsc:258 - Board STM32H7B3I-EVAL: unknown feature type=Meter, name=, username=Power-metering and Temperature-monitoring with sigma-delta modulators, n=1
2021-02-03 21:29:34,193 [WARN] DbBoardsPdsc:258 - Board STM32H7B3I-EVAL: unknown feature type=Motor, name=, username=Motor Control, n=1
2021-02-03 21:29:34,255 [INFO] DbBoardsJson:85 - JSON generation date=Wed Jan 20 13:08:10 GMT+05:00 2021 (1611130090)
2021-02-03 21:29:34,288 [INFO] DbBoards:117 - Found 152 boards (149 are supported by CubeMX)
2021-02-03 21:29:34,347 [INFO] DbBoardsDocs:145 - JSON generation date=Wed Jan 20 14:17:20 GMT+05:00 2021 (1611134240)
2021-02-03 21:29:34,434 [INFO] DbBoardsDocs:81 - Found 190 boards documents
2021-02-03 21:29:34,436 [WARN] DbBoards:127 - board B-L462E-CELL1 has no document id list !
2021-02-03 21:29:34,436 [WARN] DbBoards:127 - board B-L475E-IOT01A2 has no document id list !
2021-02-03 21:29:34,438 [WARN] DbBoards:127 - board NUCLEO-G491RE has no document id list !
2021-02-03 21:29:34,443 [WARN] DbBoards:127 - board NUCLEO-H743ZI2 has no document id list !
2021-02-03 21:29:34,459 [WARN] DbBoards:127 - board NUCLEO-WB55RG has no document id list !
2021-02-03 21:29:34,459 [WARN] DbBoards:127 - board P-NUCLEO-WB55-Nucleo has no document id list !
2021-02-03 21:29:34,459 [WARN] DbBoards:127 - board P-NUCLEO-WB55-USBDongle has no document id list !
2021-02-03 21:29:34,460 [WARN] DbBoards:127 - board STEVAL-BFA001V1B has no document id list !
2021-02-03 21:29:34,460 [WARN] DbBoards:127 - board STEVAL-BFA001V2B has no document id list !
2021-02-03 21:29:34,460 [WARN] DbBoards:127 - board STEVAL-IDP005V1 has no document id list !
2021-02-03 21:29:34,460 [WARN] DbBoards:127 - board STEVAL-IDP005V2 has no document id list !
2021-02-03 21:29:34,460 [WARN] DbBoards:127 - board STEVAL-MKSBOX1V1 has no document id list !
2021-02-03 21:29:34,460 [WARN] DbBoards:127 - board STEVAL-STWINKT1 has no document id list !
2021-02-03 21:29:34,463 [WARN] DbBoards:127 - board STM32F401C-DISCO has no document id list !
2021-02-03 21:29:34,464 [WARN] DbBoards:127 - board STM32F769I-DISC1 has no document id list !
2021-02-03 21:29:34,466 [WARN] DbBoards:127 - board STM32G474E-EVAL1 has no document id list !
2021-02-03 21:29:34,466 [WARN] DbBoards:127 - board STM32H743I-EVAL2 has no document id list !
2021-02-03 21:29:34,467 [WARN] DbBoards:127 - board STM32H747I-DISC1 has no document id list !
2021-02-03 21:29:34,467 [WARN] DbBoards:127 - board STM32H753I-EVAL2 has no document id list !
2021-02-03 21:29:34,468 [WARN] DbBoards:127 - board STM32L-DISCOVERY has no document id list !
2021-02-03 21:29:34,469 [WARN] DbBoards:127 - board STM32MP157A-DK1 has no document id list !
2021-02-03 21:29:34,469 [WARN] DbBoards:127 - board STM32MP157F-EV1 has no document id list !
2021-02-03 21:29:34,984 [ERROR] DbBoards:192 - No image file URL for board B-L462E-CELL1
2021-02-03 21:29:43,752 [INFO] ApiDb:201 - Load user favorites file C:\Users\Михаил/.stm32cubeide/favorites.boards.txt: 0 item(s)
2021-02-03 21:29:43,752 [INFO] ApiDb:205 - User favorites Boards=[]
2021-02-03 21:29:43,752 [INFO] DbBoards:206 - Set 0 / 0 favorites Boards
2021-02-03 21:30:13,272 [INFO] DbMcusDocs:145 - JSON generation date=Wed Jan 20 14:17:20 GMT+05:00 2021 (1611134240)
2021-02-03 21:30:14,282 [INFO] DbMcusDocs:81 - Found 614 MCUs documents
2021-02-03 21:30:27,821 [INFO] LogOutputStream:76 - [STDOUT_REDIRECT] withoutVersionV1.11.2
2021-02-03 21:30:27,823 [INFO] LogOutputStream:76 - [STDOUT_REDIRECT] withoutVersionV1.11.1
2021-02-03 21:30:27,825 [INFO] LogOutputStream:76 - [STDOUT_REDIRECT] withoutVersionV1.11.0
2021-02-03 21:30:31,972 [INFO] MainUpdater:2268 - connection check result : 10
2021-02-03 21:30:31,973 [INFO] MainUpdater:2268 - connection check result : 10
2021-02-03 21:30:32,114 [INFO] MicroXplorer:384 - Change Database Path : 
2021-02-03 21:30:32,114 [INFO] MicroXplorer:414 - Change Database Version : DB.6.0.0
2021-02-03 21:30:32,114 [WARN] ThirdParty:775 - waiting for thirdparty lock release [close project]
2021-02-03 21:30:32,115 [INFO] ThirdParty:777 - entering critical section [close project]
2021-02-03 21:30:32,115 [INFO] ThirdParty:790 - exiting critical section [close project]
2021-02-03 21:30:32,148 [INFO] PinOutPanel:1418 - setPackage(No Configuration,No Configuration)
2021-02-03 21:30:32,149 [INFO] UtilMem:74 - Begin LoadConfig() Used Memory: 585195656 Bytes (785383424)
2021-02-03 21:30:32,150 [INFO] MicroXplorer:384 - Change Database Path : 
2021-02-03 21:30:32,152 [INFO] MicroXplorer:414 - Change Database Version : DB.6.0.0
2021-02-03 21:30:32,153 [INFO] OpenFileManager:274 - Change cursor
2021-02-03 21:30:50,097 [INFO] ImportTextPane:162 - (OptionalMessage_ERROR) Unable to find key (Mcu.ThirdPartyNb) in loaded IOC file
2021-02-03 21:30:50,097 [INFO] ImportTextPane:162 - (OptionalMessage_ERROR) Unable to find key (Mcu.PinsNb) in loaded IOC file
2021-02-03 21:30:50,098 [INFO] ImportTextPane:162 - (OptionalMessage_ERROR) Unable to find key (Mcu.IPNb) in loaded IOC file
2021-02-03 21:30:50,497 [WARN] ApiManager:274 - Cannot register API 'Board Extension:S2868A1' from pack STMicroelectronics.X-CUBE-SUBG2.3.0.1: no header file found
2021-02-03 21:30:50,497 [WARN] ApiManager:274 - Cannot register API 'Board Extension:S2868A2' from pack STMicroelectronics.X-CUBE-SUBG2.3.0.1: no header file found
2021-02-03 21:30:50,497 [WARN] ApiManager:274 - Cannot register API 'Board Extension:S2915A1' from pack STMicroelectronics.X-CUBE-SUBG2.3.0.1: no header file found
2021-02-03 21:30:50,548 [WARN] ApiManager:274 - Cannot register API 'Board Extension:S2868A1' from pack STMicroelectronics.X-CUBE-SUBG2.3.0.0: no header file found
2021-02-03 21:30:50,548 [WARN] ApiManager:274 - Cannot register API 'Board Extension:S2868A2' from pack STMicroelectronics.X-CUBE-SUBG2.3.0.0: no header file found
2021-02-03 21:30:50,549 [WARN] ApiManager:274 - Cannot register API 'Board Extension:S2915A1' from pack STMicroelectronics.X-CUBE-SUBG2.3.0.0: no header file found
2021-02-03 21:30:50,551 [WARN] ApiManager:274 - Cannot register API 'Board Extension:S2868A1' from pack STMicroelectronics.X-CUBE-SFXS2LP1.2.0.0: no header file found
2021-02-03 21:30:50,552 [WARN] ApiManager:274 - Cannot register API 'Board Extension:S2868A2' from pack STMicroelectronics.X-CUBE-SFXS2LP1.2.0.0: no header file found
2021-02-03 21:30:50,552 [WARN] ApiManager:274 - Cannot register API 'Board Extension:S2915A1' from pack STMicroelectronics.X-CUBE-SFXS2LP1.2.0.0: no header file found
2021-02-03 21:30:50,622 [INFO] DependencyParser:915 - This component is not compatible with the current MCU : [1600953791491, 1600953791493, 1600953791501]
2021-02-03 21:30:50,623 [INFO] ThirdPartyModel:556 - Component with status : MCU_INCOMPATIBLE for condition : IKS01A3 Accelerometer Calibration Condition id : 1600953781666
2021-02-03 21:30:50,623 [INFO] DependencyParser:915 - This component is not compatible with the current MCU : [1600953791491, 1600953791493, 1600953791501]
2021-02-03 21:30:50,624 [INFO] ThirdPartyModel:556 - Component with status : MCU_INCOMPATIBLE for condition : IKS01A3 Vertical Context Condition id : 1600953781716
2021-02-03 21:30:50,628 [INFO] DependencyParser:915 - This component is not compatible with the current MCU : [1600953791491, 1600953791493, 1600953791501]
2021-02-03 21:30:50,629 [INFO] ThirdPartyModel:556 - Component with status : MCU_INCOMPATIBLE for condition : IKS01A3 Carry Position Condition id : 1600953781734
2021-02-03 21:30:50,631 [INFO] DependencyParser:915 - This component is not compatible with the current MCU : [1600953791491, 1600953791493, 1600953791501]
2021-02-03 21:30:50,632 [INFO] ThirdPartyModel:556 - Component with status : MCU_INCOMPATIBLE for condition : IKS01A3 Gesture Recognition Condition id : 1600953781769
2021-02-03 21:30:50,633 [INFO] DependencyParser:915 - This component is not compatible with the current MCU : [1600953791491, 1600953791493, 1600953791501]
2021-02-03 21:30:50,633 [INFO] ThirdPartyModel:556 - Component with status : MCU_INCOMPATIBLE for condition : IKS01A3 Dynamic Inclinometer Condition id : 1600953781787
2021-02-03 21:30:50,633 [INFO] DependencyParser:915 - This component is not compatible with the current MCU : [1600953791491, 1600953791493, 1600953791501]
2021-02-03 21:30:50,634 [INFO] ThirdPartyModel:556 - Component with status : MCU_INCOMPATIBLE for condition : IKS01A3 Airplane Detection Condition id : 1600953781805
2021-02-03 21:30:50,635 [INFO] DependencyParser:915 - This component is not compatible with the current MCU : [1600953791491, 1600953791493, 1600953791501]
2021-02-03 21:30:50,636 [INFO] ThirdPartyModel:556 - Component with status : MCU_INCOMPATIBLE for condition : IKS01A2 Accelerometer Calibration Condition id : 1600953782053
2021-02-03 21:30:50,636 [INFO] DependencyParser:915 - This component is not compatible with the current MCU : [1600953791491, 1600953791493, 1600953791501]
2021-02-03 21:30:50,637 [INFO] ThirdPartyModel:556 - Component with status : MCU_INCOMPATIBLE for condition : IKS01A2 Vertical Context Condition id : 1600953782103
2021-02-03 21:30:50,637 [INFO] DependencyParser:915 - This component is not compatible with the current MCU : [1600953791491, 1600953791493, 1600953791501]
2021-02-03 21:30:50,637 [INFO] ThirdPartyModel:556 - Component with status : MCU_INCOMPATIBLE for condition : IKS01A2 Carry Position Condition id : 1600953782121
2021-02-03 21:30:50,638 [INFO] DependencyParser:915 - This component is not compatible with the current MCU : [1600953791491, 1600953791493, 1600953791501]
2021-02-03 21:30:50,638 [INFO] ThirdPartyModel:556 - Component with status : MCU_INCOMPATIBLE for condition : IKS01A2 Gesture Recognition Condition id : 1600953782156
2021-02-03 21:30:50,639 [INFO] DependencyParser:915 - This component is not compatible with the current MCU : [1600953791491, 1600953791493, 1600953791501]
2021-02-03 21:30:50,639 [INFO] ThirdPartyModel:556 - Component with status : MCU_INCOMPATIBLE for condition : IKS01A2 Dynamic Inclinometer Condition id : 1600953782174
2021-02-03 21:30:50,639 [INFO] DependencyParser:915 - This component is not compatible with the current MCU : [1600953791491, 1600953791493, 1600953791501]
2021-02-03 21:30:50,640 [INFO] ThirdPartyModel:556 - Component with status : MCU_INCOMPATIBLE for condition : IKS01A2 Airplane Detection Condition id : 1600953782192
2021-02-03 21:30:50,640 [INFO] DependencyParser:915 - This component is not compatible with the current MCU : [1600953791491, 1600953791493, 1600953791501]
2021-02-03 21:30:50,641 [INFO] ThirdPartyModel:556 - Component with status : MCU_INCOMPATIBLE for condition : IKS02A1 Accelerometer Calibration Condition id : 1600953782256
2021-02-03 21:30:50,663 [INFO] DependencyParser:915 - This component is not compatible with the current MCU : [1600953791491, 1600953791493, 1600953791501]
2021-02-03 21:30:50,663 [INFO] ThirdPartyModel:556 - Component with status : MCU_INCOMPATIBLE for condition : IKS02A1 Dynamic Inclinometer Condition id : 1600953782323
2021-02-03 21:30:50,665 [INFO] DependencyParser:915 - This component is not compatible with the current MCU : [1600953791491, 1600953791493, 1600953791501]
2021-02-03 21:30:50,665 [INFO] ThirdPartyModel:556 - Component with status : MCU_INCOMPATIBLE for condition : CUSTOM Accelerometer Calibration Condition id : 1600953782543
2021-02-03 21:30:50,666 [INFO] DependencyParser:915 - This component is not compatible with the current MCU : [1600953791491, 1600953791493, 1600953791501]
2021-02-03 21:30:50,666 [INFO] ThirdPartyModel:556 - Component with status : MCU_INCOMPATIBLE for condition : CUSTOM Vertical Context Condition id : 1600953782574
2021-02-03 21:30:50,666 [INFO] DependencyParser:915 - This component is not compatible with the current MCU : [1600953791491, 1600953791493, 1600953791501]
2021-02-03 21:30:50,667 [INFO] ThirdPartyModel:556 - Component with status : MCU_INCOMPATIBLE for condition : CUSTOM Carry Position Condition id : 1600953782588
2021-02-03 21:30:50,671 [INFO] DependencyParser:915 - This component is not compatible with the current MCU : [1600953791491, 1600953791493, 1600953791501]
2021-02-03 21:30:50,672 [INFO] ThirdPartyModel:556 - Component with status : MCU_INCOMPATIBLE for condition : CUSTOM Gesture Recognition Condition id : 1600953782613
2021-02-03 21:30:50,673 [INFO] DependencyParser:915 - This component is not compatible with the current MCU : [1600953791491, 1600953791493, 1600953791501]
2021-02-03 21:30:50,673 [INFO] ThirdPartyModel:556 - Component with status : MCU_INCOMPATIBLE for condition : CUSTOM Dynamic Inclinometer Condition id : 1600953782625
2021-02-03 21:30:50,674 [INFO] DependencyParser:915 - This component is not compatible with the current MCU : [1600953791491, 1600953791493, 1600953791501]
2021-02-03 21:30:50,674 [INFO] ThirdPartyModel:556 - Component with status : MCU_INCOMPATIBLE for condition : CUSTOM Airplane Detection Condition id : 1600953782639
2021-02-03 21:30:50,675 [INFO] DependencyParser:915 - This component is not compatible with the current MCU : [1600953791491, 1600953791493, 1600953791501]
2021-02-03 21:30:50,675 [INFO] ThirdPartyModel:556 - Component with status : MCU_INCOMPATIBLE for condition : MotionAC Condition id : 1600953782692
2021-02-03 21:30:50,675 [INFO] DependencyParser:915 - This component is not compatible with the current MCU : [1600953791491, 1600953791493, 1600953791501]
2021-02-03 21:30:50,676 [INFO] ThirdPartyModel:556 - Component with status : MCU_INCOMPATIBLE for condition : MotionVC Condition id : 1600953782700
2021-02-03 21:30:50,676 [INFO] DependencyParser:915 - This component is not compatible with the current MCU : [1600953791491, 1600953791493, 1600953791501]
2021-02-03 21:30:50,676 [INFO] ThirdPartyModel:556 - Component with status : MCU_INCOMPATIBLE for condition : MotionCP Condition id : 1600953782704
2021-02-03 21:30:50,677 [INFO] DependencyParser:915 - This component is not compatible with the current MCU : [1600953791491, 1600953791493, 1600953791501]
2021-02-03 21:30:50,677 [INFO] ThirdPartyModel:556 - Component with status : MCU_INCOMPATIBLE for condition : MotionGR Condition id : 1600953782710
2021-02-03 21:30:50,677 [INFO] DependencyParser:915 - This component is not compatible with the current MCU : [1600953791491, 1600953791493, 1600953791501]
2021-02-03 21:30:50,678 [INFO] ThirdPartyModel:556 - Component with status : MCU_INCOMPATIBLE for condition : MotionDI Condition id : 1600953782714
2021-02-03 21:30:50,678 [INFO] DependencyParser:915 - This component is not compatible with the current MCU : [1600953791491, 1600953791493, 1600953791501]
2021-02-03 21:30:50,678 [INFO] ThirdPartyModel:556 - Component with status : MCU_INCOMPATIBLE for condition : MotionAD Condition id : 1600953782718
2021-02-03 21:30:50,680 [WARN] ApiManager:274 - Cannot register API 'Board Extension:IKS01A3' from pack STMicroelectronics.X-CUBE-MEMS1.8.1.1: no header file found
2021-02-03 21:30:50,680 [WARN] ApiManager:274 - Cannot register API 'Board Extension:IKS01A2' from pack STMicroelectronics.X-CUBE-MEMS1.8.1.1: no header file found
2021-02-03 21:30:50,680 [WARN] ApiManager:274 - Cannot register API 'Board Extension:IKS02A1' from pack STMicroelectronics.X-CUBE-MEMS1.8.1.1: no header file found
2021-02-03 21:30:51,024 [INFO] DependencyParser:915 - This component is not compatible with the current MCU : [1606288323454, 1606288323456, 1606288323464]
2021-02-03 21:30:51,024 [INFO] ThirdPartyModel:556 - Component with status : MCU_INCOMPATIBLE for condition : IKS01A3 Accelerometer Calibration Condition id : 1606288310047
2021-02-03 21:30:51,025 [INFO] DependencyParser:915 - This component is not compatible with the current MCU : [1606288323454, 1606288323456, 1606288323464]
2021-02-03 21:30:51,025 [INFO] ThirdPartyModel:556 - Component with status : MCU_INCOMPATIBLE for condition : IKS01A3 Vertical Context Condition id : 1606288310097
2021-02-03 21:30:51,107 [INFO] DependencyParser:915 - This component is not compatible with the current MCU : [1606288323454, 1606288323456, 1606288323464]
2021-02-03 21:30:51,107 [INFO] ThirdPartyModel:556 - Component with status : MCU_INCOMPATIBLE for condition : IKS01A3 Carry Position Condition id : 1606288310115
2021-02-03 21:30:51,108 [INFO] DependencyParser:915 - This component is not compatible with the current MCU : [1606288323454, 1606288323456, 1606288323464]
2021-02-03 21:30:51,108 [INFO] ThirdPartyModel:556 - Component with status : MCU_INCOMPATIBLE for condition : IKS01A3 Gesture Recognition Condition id : 1606288310150
2021-02-03 21:30:51,109 [INFO] DependencyParser:915 - This component is not compatible with the current MCU : [1606288323454, 1606288323456, 1606288323464]
2021-02-03 21:30:51,109 [INFO] ThirdPartyModel:556 - Component with status : MCU_INCOMPATIBLE for condition : IKS01A3 Dynamic Inclinometer Condition id : 1606288310168
2021-02-03 21:30:51,110 [INFO] DependencyParser:915 - This component is not compatible with the current MCU : [1606288323454, 1606288323456, 1606288323464]
2021-02-03 21:30:51,111 [INFO] ThirdPartyModel:556 - Component with status : MCU_INCOMPATIBLE for condition : IKS01A3 Airplane Detection Condition id : 1606288310186
2021-02-03 21:30:51,111 [INFO] DependencyParser:915 - This component is not compatible with the current MCU : [1606288323454, 1606288323456, 1606288323464]
2021-02-03 21:30:51,112 [INFO] ThirdPartyModel:556 - Component with status : MCU_INCOMPATIBLE for condition : IKS01A3 Active Time Condition id : 1606288310204
2021-02-03 21:30:51,112 [INFO] DependencyParser:915 - This component is not compatible with the current MCU : [1606288323454, 1606288323456, 1606288323464]
2021-02-03 21:30:51,112 [INFO] ThirdPartyModel:556 - Component with status : MCU_INCOMPATIBLE for condition : IKS01A3 Activity Recognition Condition id : 1606288310222
2021-02-03 21:30:51,113 [INFO] DependencyParser:915 - This component is not compatible with the current MCU : [1606288323454, 1606288323456, 1606288323464]
2021-02-03 21:30:51,113 [INFO] ThirdPartyModel:556 - Component with status : MCU_INCOMPATIBLE for condition : IKS01A3 Activity Recognition Wrist Condition id : 1606288310240
2021-02-03 21:30:51,114 [INFO] DependencyParser:915 - This component is not compatible with the current MCU : [1606288323454, 1606288323456, 1606288323464]
2021-02-03 21:30:51,114 [INFO] ThirdPartyModel:556 - Component with status : MCU_INCOMPATIBLE for condition : IKS01A3 Fall Detection Condition id : 1606288310258
2021-02-03 21:30:51,114 [INFO] DependencyParser:915 - This component is not compatible with the current MCU : [1606288323454, 1606288323456, 1606288323464]
2021-02-03 21:30:51,115 [INFO] ThirdPartyModel:556 - Component with status : MCU_INCOMPATIBLE for condition : IKS01A3 Fitness Activities Condition id : 1606288310276
2021-02-03 21:30:51,115 [INFO] DependencyParser:915 - This component is not compatible with the current MCU : [1606288323454, 1606288323456, 1606288323464]
2021-02-03 21:30:51,115 [INFO] ThirdPartyModel:556 - Component with status : MCU_INCOMPATIBLE for condition : IKS01A3 Pedometer Condition id : 1606288310294
2021-02-03 21:30:51,116 [INFO] DependencyParser:915 - This component is not compatible with the current MCU : [1606288323454, 1606288323456, 1606288323464]
2021-02-03 21:30:51,116 [INFO] ThirdPartyModel:556 - Component with status : MCU_INCOMPATIBLE for condition : IKS01A3 Pedometer Wrist Condition id : 1606288310312
2021-02-03 21:30:51,116 [INFO] DependencyParser:915 - This component is not compatible with the current MCU : [1606288323454, 1606288323456, 1606288323464]
2021-02-03 21:30:51,117 [INFO] ThirdPartyModel:556 - Component with status : MCU_INCOMPATIBLE for condition : IKS01A3 Pose Estimation Condition id : 1606288310331
2021-02-03 21:30:51,117 [INFO] DependencyParser:915 - This component is not compatible with the current MCU : [1606288323454, 1606288323456, 1606288323464]
2021-02-03 21:30:51,117 [INFO] ThirdPartyModel:556 - Component with status : MCU_INCOMPATIBLE for condition : IKS01A3 Standing Sitting Desk Condition id : 1606288310349
2021-02-03 21:30:51,122 [INFO] DependencyParser:915 - This component is not compatible with the current MCU : [1606288323454, 1606288323456, 1606288323464]
2021-02-03 21:30:51,122 [INFO] ThirdPartyModel:556 - Component with status : MCU_INCOMPATIBLE for condition : IKS01A2 Accelerometer Calibration Condition id : 1606288310597
2021-02-03 21:30:51,123 [INFO] DependencyParser:915 - This component is not compatible with the current MCU : [1606288323454, 1606288323456, 1606288323464]
2021-02-03 21:30:51,124 [INFO] ThirdPartyModel:556 - Component with status : MCU_INCOMPATIBLE for condition : IKS01A2 Vertical Context Condition id : 1606288310647
2021-02-03 21:30:51,124 [INFO] DependencyParser:915 - This component is not compatible with the current MCU : [1606288323454, 1606288323456, 1606288323464]
2021-02-03 21:30:51,124 [INFO] ThirdPartyModel:556 - Component with status : MCU_INCOMPATIBLE for condition : IKS01A2 Carry Position Condition id : 1606288310665
2021-02-03 21:30:51,125 [INFO] DependencyParser:915 - This component is not compatible with the current MCU : [1606288323454, 1606288323456, 1606288323464]
2021-02-03 21:30:51,125 [INFO] ThirdPartyModel:556 - Component with status : MCU_INCOMPATIBLE for condition : IKS01A2 Gesture Recognition Condition id : 1606288310700
2021-02-03 21:30:51,126 [INFO] DependencyParser:915 - This component is not compatible with the current MCU : [1606288323454, 1606288323456, 1606288323464]
2021-02-03 21:30:51,126 [INFO] ThirdPartyModel:556 - Component with status : MCU_INCOMPATIBLE for condition : IKS01A2 Dynamic Inclinometer Condition id : 1606288310718
2021-02-03 21:30:51,126 [INFO] DependencyParser:915 - This component is not compatible with the current MCU : [1606288323454, 1606288323456, 1606288323464]
2021-02-03 21:30:51,128 [INFO] ThirdPartyModel:556 - Component with status : MCU_INCOMPATIBLE for condition : IKS01A2 Airplane Detection Condition id : 1606288310736
2021-02-03 21:30:51,128 [INFO] DependencyParser:915 - This component is not compatible with the current MCU : [1606288323454, 1606288323456, 1606288323464]
2021-02-03 21:30:51,129 [INFO] ThirdPartyModel:556 - Component with status : MCU_INCOMPATIBLE for condition : IKS01A2 Active Time Condition id : 1606288310754
2021-02-03 21:30:51,129 [INFO] DependencyParser:915 - This component is not compatible with the current MCU : [1606288323454, 1606288323456, 1606288323464]
2021-02-03 21:30:51,129 [INFO] ThirdPartyModel:556 - Component with status : MCU_INCOMPATIBLE for condition : IKS01A2 Activity Recognition Condition id : 1606288310772
2021-02-03 21:30:51,130 [INFO] DependencyParser:915 - This component is not compatible with the current MCU : [1606288323454, 1606288323456, 1606288323464]
2021-02-03 21:30:51,131 [INFO] ThirdPartyModel:556 - Component with status : MCU_INCOMPATIBLE for condition : IKS01A2 Activity Recognition Wrist Condition id : 1606288310790
2021-02-03 21:30:51,131 [INFO] DependencyParser:915 - This component is not compatible with the current MCU : [1606288323454, 1606288323456, 1606288323464]
2021-02-03 21:30:51,132 [INFO] ThirdPartyModel:556 - Component with status : MCU_INCOMPATIBLE for condition : IKS01A2 Fall Detection Condition id : 1606288310808
2021-02-03 21:30:51,132 [INFO] DependencyParser:915 - This component is not compatible with the current MCU : [1606288323454, 1606288323456, 1606288323464]
2021-02-03 21:30:51,132 [INFO] ThirdPartyModel:556 - Component with status : MCU_INCOMPATIBLE for condition : IKS01A2 Fitness Activities Condition id : 1606288310826
2021-02-03 21:30:51,133 [INFO] DependencyParser:915 - This component is not compatible with the current MCU : [1606288323454, 1606288323456, 1606288323464]
2021-02-03 21:30:51,133 [INFO] ThirdPartyModel:556 - Component with status : MCU_INCOMPATIBLE for condition : IKS01A2 Pedometer Condition id : 1606288310844
2021-02-03 21:30:51,134 [INFO] DependencyParser:915 - This component is not compatible with the current MCU : [1606288323454, 1606288323456, 1606288323464]
2021-02-03 21:30:51,134 [INFO] ThirdPartyModel:556 - Component with status : MCU_INCOMPATIBLE for condition : IKS01A2 Pedometer Wrist Condition id : 1606288310862
2021-02-03 21:30:51,134 [INFO] DependencyParser:915 - This component is not compatible with the current MCU : [1606288323454, 1606288323456, 1606288323464]
2021-02-03 21:30:51,135 [INFO] ThirdPartyModel:556 - Component with status : MCU_INCOMPATIBLE for condition : IKS01A2 Pose Estimation Condition id : 1606288310881
2021-02-03 21:30:51,135 [INFO] DependencyParser:915 - This component is not compatible with the current MCU : [1606288323454, 1606288323456, 1606288323464]
2021-02-03 21:30:51,135 [INFO] ThirdPartyModel:556 - Component with status : MCU_INCOMPATIBLE for condition : IKS01A2 Standing Sitting Desk Condition id : 1606288310899
2021-02-03 21:30:51,140 [INFO] DependencyParser:915 - This component is not compatible with the current MCU : [1606288323454, 1606288323456, 1606288323464]
2021-02-03 21:30:51,140 [INFO] ThirdPartyModel:556 - Component with status : MCU_INCOMPATIBLE for condition : IKS02A1 Accelerometer Calibration Condition id : 1606288310963
2021-02-03 21:30:51,141 [INFO] DependencyParser:915 - This component is not compatible with the current MCU : [1606288323454, 1606288323456, 1606288323464]
2021-02-03 21:30:51,142 [INFO] ThirdPartyModel:556 - Component with status : MCU_INCOMPATIBLE for condition : IKS02A1 Dynamic Inclinometer Condition id : 1606288311030
2021-02-03 21:30:51,149 [INFO] DependencyParser:915 - This component is not compatible with the current MCU : [1606288323454, 1606288323456, 1606288323464]
2021-02-03 21:30:51,149 [INFO] ThirdPartyModel:556 - Component with status : MCU_INCOMPATIBLE for condition : CUSTOM Accelerometer Calibration Condition id : 1606288311250
2021-02-03 21:30:51,150 [INFO] DependencyParser:915 - This component is not compatible with the current MCU : [1606288323454, 1606288323456, 1606288323464]
2021-02-03 21:30:51,150 [INFO] ThirdPartyModel:556 - Component with status : MCU_INCOMPATIBLE for condition : CUSTOM Vertical Context Condition id : 1606288311281
2021-02-03 21:30:51,151 [INFO] DependencyParser:915 - This component is not compatible with the current MCU : [1606288323454, 1606288323456, 1606288323464]
2021-02-03 21:30:51,151 [INFO] ThirdPartyModel:556 - Component with status : MCU_INCOMPATIBLE for condition : CUSTOM Carry Position Condition id : 1606288311295
2021-02-03 21:30:51,151 [INFO] DependencyParser:915 - This component is not compatible with the current MCU : [1606288323454, 1606288323456, 1606288323464]
2021-02-03 21:30:51,152 [INFO] ThirdPartyModel:556 - Component with status : MCU_INCOMPATIBLE for condition : CUSTOM Gesture Recognition Condition id : 1606288311320
2021-02-03 21:30:51,152 [INFO] DependencyParser:915 - This component is not compatible with the current MCU : [1606288323454, 1606288323456, 1606288323464]
2021-02-03 21:30:51,152 [INFO] ThirdPartyModel:556 - Component with status : MCU_INCOMPATIBLE for condition : CUSTOM Dynamic Inclinometer Condition id : 1606288311332
2021-02-03 21:30:51,155 [INFO] DependencyParser:915 - This component is not compatible with the current MCU : [1606288323454, 1606288323456, 1606288323464]
2021-02-03 21:30:51,155 [INFO] ThirdPartyModel:556 - Component with status : MCU_INCOMPATIBLE for condition : CUSTOM Airplane Detection Condition id : 1606288311346
2021-02-03 21:30:51,156 [INFO] DependencyParser:915 - This component is not compatible with the current MCU : [1606288323454, 1606288323456, 1606288323464]
2021-02-03 21:30:51,156 [INFO] ThirdPartyModel:556 - Component with status : MCU_INCOMPATIBLE for condition : CUSTOM Active Time Condition id : 1606288311362
2021-02-03 21:30:51,156 [INFO] DependencyParser:915 - This component is not compatible with the current MCU : [1606288323454, 1606288323456, 1606288323464]
2021-02-03 21:30:51,157 [INFO] ThirdPartyModel:556 - Component with status : MCU_INCOMPATIBLE for condition : CUSTOM Activity Recognition Condition id : 1606288311374
2021-02-03 21:30:51,157 [INFO] DependencyParser:915 - This component is not compatible with the current MCU : [1606288323454, 1606288323456, 1606288323464]
2021-02-03 21:30:51,157 [INFO] ThirdPartyModel:556 - Component with status : MCU_INCOMPATIBLE for condition : CUSTOM Activity Recognition Wrist Condition id : 1606288311386
2021-02-03 21:30:51,157 [INFO] DependencyParser:915 - This component is not compatible with the current MCU : [1606288323454, 1606288323456, 1606288323464]
2021-02-03 21:30:51,158 [INFO] ThirdPartyModel:556 - Component with status : MCU_INCOMPATIBLE for condition : CUSTOM Fall Detection Condition id : 1606288311398
2021-02-03 21:30:51,158 [INFO] DependencyParser:915 - This component is not compatible with the current MCU : [1606288323454, 1606288323456, 1606288323464]
2021-02-03 21:30:51,158 [INFO] ThirdPartyModel:556 - Component with status : MCU_INCOMPATIBLE for condition : CUSTOM Fitness Activities Condition id : 1606288311410
2021-02-03 21:30:51,159 [INFO] DependencyParser:915 - This component is not compatible with the current MCU : [1606288323454, 1606288323456, 1606288323464]
2021-02-03 21:30:51,159 [INFO] ThirdPartyModel:556 - Component with status : MCU_INCOMPATIBLE for condition : CUSTOM Pedometer Condition id : 1606288311425
2021-02-03 21:30:51,159 [INFO] DependencyParser:915 - This component is not compatible with the current MCU : [1606288323454, 1606288323456, 1606288323464]
2021-02-03 21:30:51,160 [INFO] ThirdPartyModel:556 - Component with status : MCU_INCOMPATIBLE for condition : CUSTOM Pedometer Wrist Condition id : 1606288311437
2021-02-03 21:30:51,160 [INFO] DependencyParser:915 - This component is not compatible with the current MCU : [1606288323454, 1606288323456, 1606288323464]
2021-02-03 21:30:51,160 [INFO] ThirdPartyModel:556 - Component with status : MCU_INCOMPATIBLE for condition : CUSTOM Pose Estimation Condition id : 1606288311450
2021-02-03 21:30:51,161 [INFO] DependencyParser:915 - This component is not compatible with the current MCU : [1606288323454, 1606288323456, 1606288323464]
2021-02-03 21:30:51,161 [INFO] ThirdPartyModel:556 - Component with status : MCU_INCOMPATIBLE for condition : CUSTOM Standing Sitting Desk Condition id : 1606288311462
2021-02-03 21:30:51,162 [INFO] DependencyParser:915 - This component is not compatible with the current MCU : [1606288323454, 1606288323456, 1606288323464]
2021-02-03 21:30:51,162 [INFO] ThirdPartyModel:556 - Component with status : MCU_INCOMPATIBLE for condition : MotionAC Condition id : 1606288311511
2021-02-03 21:30:51,162 [INFO] DependencyParser:915 - This component is not compatible with the current MCU : [1606288323454, 1606288323456, 1606288323464]
2021-02-03 21:30:51,163 [INFO] ThirdPartyModel:556 - Component with status : MCU_INCOMPATIBLE for condition : MotionVC Condition id : 1606288311519
2021-02-03 21:30:51,163 [INFO] DependencyParser:915 - This component is not compatible with the current MCU : [1606288323454, 1606288323456, 1606288323464]
2021-02-03 21:30:51,163 [INFO] ThirdPartyModel:556 - Component with status : MCU_INCOMPATIBLE for condition : MotionCP Condition id : 1606288311523
2021-02-03 21:30:51,163 [INFO] DependencyParser:915 - This component is not compatible with the current MCU : [1606288323454, 1606288323456, 1606288323464]
2021-02-03 21:30:51,164 [INFO] ThirdPartyModel:556 - Component with status : MCU_INCOMPATIBLE for condition : MotionGR Condition id : 1606288311529
2021-02-03 21:30:51,164 [INFO] DependencyParser:915 - This component is not compatible with the current MCU : [1606288323454, 1606288323456, 1606288323464]
2021-02-03 21:30:51,164 [INFO] ThirdPartyModel:556 - Component with status : MCU_INCOMPATIBLE for condition : MotionDI Condition id : 1606288311533
2021-02-03 21:30:51,165 [INFO] DependencyParser:915 - This component is not compatible with the current MCU : [1606288323454, 1606288323456, 1606288323464]
2021-02-03 21:30:51,165 [INFO] ThirdPartyModel:556 - Component with status : MCU_INCOMPATIBLE for condition : MotionAD Condition id : 1606288311537
2021-02-03 21:30:51,165 [INFO] DependencyParser:915 - This component is not compatible with the current MCU : [1606288323454, 1606288323456, 1606288323464]
2021-02-03 21:30:51,165 [INFO] ThirdPartyModel:556 - Component with status : MCU_INCOMPATIBLE for condition : MotionAT Condition id : 1606288311541
2021-02-03 21:30:51,166 [INFO] DependencyParser:915 - This component is not compatible with the current MCU : [1606288323454, 1606288323456, 1606288323464]
2021-02-03 21:30:51,166 [INFO] ThirdPartyModel:556 - Component with status : MCU_INCOMPATIBLE for condition : MotionAR Condition id : 1606288311545
2021-02-03 21:30:51,166 [INFO] DependencyParser:915 - This component is not compatible with the current MCU : [1606288323454, 1606288323456, 1606288323464]
2021-02-03 21:30:51,166 [INFO] ThirdPartyModel:556 - Component with status : MCU_INCOMPATIBLE for condition : MotionAW Condition id : 1606288311549
2021-02-03 21:30:51,166 [INFO] DependencyParser:915 - This component is not compatible with the current MCU : [1606288323454, 1606288323456, 1606288323464]
2021-02-03 21:30:51,167 [INFO] ThirdPartyModel:556 - Component with status : MCU_INCOMPATIBLE for condition : MotionFD Condition id : 1606288311553
2021-02-03 21:30:51,167 [INFO] DependencyParser:915 - This component is not compatible with the current MCU : [1606288323454, 1606288323456, 1606288323464]
2021-02-03 21:30:51,167 [INFO] ThirdPartyModel:556 - Component with status : MCU_INCOMPATIBLE for condition : MotionFA Condition id : 1606288311557
2021-02-03 21:30:51,167 [INFO] DependencyParser:915 - This component is not compatible with the current MCU : [1606288323454, 1606288323456, 1606288323464]
2021-02-03 21:30:51,168 [INFO] ThirdPartyModel:556 - Component with status : MCU_INCOMPATIBLE for condition : MotionPM Condition id : 1606288311561
2021-02-03 21:30:51,168 [INFO] DependencyParser:915 - This component is not compatible with the current MCU : [1606288323454, 1606288323456, 1606288323464]
2021-02-03 21:30:51,169 [INFO] ThirdPartyModel:556 - Component with status : MCU_INCOMPATIBLE for condition : MotionPE Condition id : 1606288311567
2021-02-03 21:30:51,169 [INFO] DependencyParser:915 - This component is not compatible with the current MCU : [1606288323454, 1606288323456, 1606288323464]
2021-02-03 21:30:51,169 [INFO] ThirdPartyModel:556 - Component with status : MCU_INCOMPATIBLE for condition : MotionSD Condition id : 1606288311571
2021-02-03 21:30:51,171 [WARN] ApiManager:274 - Cannot register API 'Board Extension:IKS01A3' from pack STMicroelectronics.X-CUBE-MEMS1.8.2.0: no header file found
2021-02-03 21:30:51,171 [WARN] ApiManager:274 - Cannot register API 'Board Extension:IKS01A2' from pack STMicroelectronics.X-CUBE-MEMS1.8.2.0: no header file found
2021-02-03 21:30:51,171 [WARN] ApiManager:274 - Cannot register API 'Board Extension:IKS02A1' from pack STMicroelectronics.X-CUBE-MEMS1.8.2.0: no header file found
2021-02-03 21:30:51,173 [WARN] ApiManager:274 - Cannot register API 'Board Extension:EEPRMA1' from pack STMicroelectronics.X-CUBE-EEPRMA1.3.0.0: no header file found
2021-02-03 21:30:51,174 [WARN] ApiManager:274 - Cannot register API 'Board Extension:EEPRMA2' from pack STMicroelectronics.X-CUBE-EEPRMA1.3.0.0: no header file found
2021-02-03 21:30:51,216 [INFO] DependencyParser:915 - This component is not compatible with the current MCU : [1598820977783, 1598820977785, 1598820977793]
2021-02-03 21:30:51,217 [INFO] ThirdPartyModel:556 - Component with status : MCU_INCOMPATIBLE for condition : IKS01A3 Accelerometer Calibration Condition id : 1598820968067
2021-02-03 21:30:51,217 [INFO] DependencyParser:915 - This component is not compatible with the current MCU : [1598820977783, 1598820977785, 1598820977793]
2021-02-03 21:30:51,218 [INFO] ThirdPartyModel:556 - Component with status : MCU_INCOMPATIBLE for condition : IKS01A3 Vertical Context Condition id : 1598820968117
2021-02-03 21:30:51,218 [INFO] DependencyParser:915 - This component is not compatible with the current MCU : [1598820977783, 1598820977785, 1598820977793]
2021-02-03 21:30:51,218 [INFO] ThirdPartyModel:556 - Component with status : MCU_INCOMPATIBLE for condition : IKS01A3 Carry Position Condition id : 1598820968135
2021-02-03 21:30:51,219 [INFO] DependencyParser:915 - This component is not compatible with the current MCU : [1598820977783, 1598820977785, 1598820977793]
2021-02-03 21:30:51,219 [INFO] ThirdPartyModel:556 - Component with status : MCU_INCOMPATIBLE for condition : IKS01A3 Gesture Recognition Condition id : 1598820968170
2021-02-03 21:30:51,219 [INFO] DependencyParser:915 - This component is not compatible with the current MCU : [1598820977783, 1598820977785, 1598820977793]
2021-02-03 21:30:51,220 [INFO] ThirdPartyModel:556 - Component with status : MCU_INCOMPATIBLE for condition : IKS01A3 Dynamic Inclinometer Condition id : 1598820968188
2021-02-03 21:30:51,220 [INFO] DependencyParser:915 - This component is not compatible with the current MCU : [1598820977783, 1598820977785, 1598820977793]
2021-02-03 21:30:51,220 [INFO] ThirdPartyModel:556 - Component with status : MCU_INCOMPATIBLE for condition : IKS01A3 Airplane Detection Condition id : 1598820968206
2021-02-03 21:30:51,222 [INFO] DependencyParser:915 - This component is not compatible with the current MCU : [1598820977783, 1598820977785, 1598820977793]
2021-02-03 21:30:51,223 [INFO] ThirdPartyModel:556 - Component with status : MCU_INCOMPATIBLE for condition : IKS01A2 Accelerometer Calibration Condition id : 1598820968454
2021-02-03 21:30:51,223 [INFO] DependencyParser:915 - This component is not compatible with the current MCU : [1598820977783, 1598820977785, 1598820977793]
2021-02-03 21:30:51,224 [INFO] ThirdPartyModel:556 - Component with status : MCU_INCOMPATIBLE for condition : IKS01A2 Vertical Context Condition id : 1598820968504
2021-02-03 21:30:51,224 [INFO] DependencyParser:915 - This component is not compatible with the current MCU : [1598820977783, 1598820977785, 1598820977793]
2021-02-03 21:30:51,224 [INFO] ThirdPartyModel:556 - Component with status : MCU_INCOMPATIBLE for condition : IKS01A2 Carry Position Condition id : 1598820968522
2021-02-03 21:30:51,225 [INFO] DependencyParser:915 - This component is not compatible with the current MCU : [1598820977783, 1598820977785, 1598820977793]
2021-02-03 21:30:51,225 [INFO] ThirdPartyModel:556 - Component with status : MCU_INCOMPATIBLE for condition : IKS01A2 Gesture Recognition Condition id : 1598820968557
2021-02-03 21:30:51,225 [INFO] DependencyParser:915 - This component is not compatible with the current MCU : [1598820977783, 1598820977785, 1598820977793]
2021-02-03 21:30:51,226 [INFO] ThirdPartyModel:556 - Component with status : MCU_INCOMPATIBLE for condition : IKS01A2 Dynamic Inclinometer Condition id : 1598820968575
2021-02-03 21:30:51,227 [INFO] DependencyParser:915 - This component is not compatible with the current MCU : [1598820977783, 1598820977785, 1598820977793]
2021-02-03 21:30:51,230 [INFO] ThirdPartyModel:556 - Component with status : MCU_INCOMPATIBLE for condition : IKS01A2 Airplane Detection Condition id : 1598820968593
2021-02-03 21:30:51,231 [INFO] DependencyParser:915 - This component is not compatible with the current MCU : [1598820977783, 1598820977785, 1598820977793]
2021-02-03 21:30:51,232 [INFO] ThirdPartyModel:556 - Component with status : MCU_INCOMPATIBLE for condition : IKS02A1 Accelerometer Calibration Condition id : 1598820968657
2021-02-03 21:30:51,232 [INFO] DependencyParser:915 - This component is not compatible with the current MCU : [1598820977783, 1598820977785, 1598820977793]
2021-02-03 21:30:51,233 [INFO] ThirdPartyModel:556 - Component with status : MCU_INCOMPATIBLE for condition : IKS02A1 Dynamic Inclinometer Condition id : 1598820968724
2021-02-03 21:30:51,234 [INFO] DependencyParser:915 - This component is not compatible with the current MCU : [1598820977783, 1598820977785, 1598820977793]
2021-02-03 21:30:51,235 [INFO] ThirdPartyModel:556 - Component with status : MCU_INCOMPATIBLE for condition : CUSTOM Accelerometer Calibration Condition id : 1598820968944
2021-02-03 21:30:51,235 [INFO] DependencyParser:915 - This component is not compatible with the current MCU : [1598820977783, 1598820977785, 1598820977793]
2021-02-03 21:30:51,236 [INFO] ThirdPartyModel:556 - Component with status : MCU_INCOMPATIBLE for condition : CUSTOM Vertical Context Condition id : 1598820968975
2021-02-03 21:30:51,236 [INFO] DependencyParser:915 - This component is not compatible with the current MCU : [1598820977783, 1598820977785, 1598820977793]
2021-02-03 21:30:51,236 [INFO] ThirdPartyModel:556 - Component with status : MCU_INCOMPATIBLE for condition : CUSTOM Carry Position Condition id : 1598820968989
2021-02-03 21:30:51,237 [INFO] DependencyParser:915 - This component is not compatible with the current MCU : [1598820977783, 1598820977785, 1598820977793]
2021-02-03 21:30:51,237 [INFO] ThirdPartyModel:556 - Component with status : MCU_INCOMPATIBLE for condition : CUSTOM Gesture Recognition Condition id : 1598820969014
2021-02-03 21:30:51,237 [INFO] DependencyParser:915 - This component is not compatible with the current MCU : [1598820977783, 1598820977785, 1598820977793]
2021-02-03 21:30:51,237 [INFO] ThirdPartyModel:556 - Component with status : MCU_INCOMPATIBLE for condition : CUSTOM Dynamic Inclinometer Condition id : 1598820969026
2021-02-03 21:30:51,238 [INFO] DependencyParser:915 - This component is not compatible with the current MCU : [1598820977783, 1598820977785, 1598820977793]
2021-02-03 21:30:51,238 [INFO] ThirdPartyModel:556 - Component with status : MCU_INCOMPATIBLE for condition : CUSTOM Airplane Detection Condition id : 1598820969040
2021-02-03 21:30:51,238 [INFO] DependencyParser:915 - This component is not compatible with the current MCU : [1598820977783, 1598820977785, 1598820977793]
2021-02-03 21:30:51,239 [INFO] ThirdPartyModel:556 - Component with status : MCU_INCOMPATIBLE for condition : MotionAC Condition id : 1598820969062
2021-02-03 21:30:51,239 [INFO] DependencyParser:915 - This component is not compatible with the current MCU : [1598820977783, 1598820977785, 1598820977793]
2021-02-03 21:30:51,239 [INFO] ThirdPartyModel:556 - Component with status : MCU_INCOMPATIBLE for condition : MotionVC Condition id : 1598820969070
2021-02-03 21:30:51,240 [INFO] DependencyParser:915 - This component is not compatible with the current MCU : [1598820977783, 1598820977785, 1598820977793]
2021-02-03 21:30:51,240 [INFO] ThirdPartyModel:556 - Component with status : MCU_INCOMPATIBLE for condition : MotionCP Condition id : 1598820969074
2021-02-03 21:30:51,241 [INFO] DependencyParser:915 - This component is not compatible with the current MCU : [1598820977783, 1598820977785, 1598820977793]
2021-02-03 21:30:51,241 [INFO] ThirdPartyModel:556 - Component with status : MCU_INCOMPATIBLE for condition : MotionGR Condition id : 1598820969080
2021-02-03 21:30:51,241 [INFO] DependencyParser:915 - This component is not compatible with the current MCU : [1598820977783, 1598820977785, 1598820977793]
2021-02-03 21:30:51,242 [INFO] ThirdPartyModel:556 - Component with status : MCU_INCOMPATIBLE for condition : MotionDI Condition id : 1598820969084
2021-02-03 21:30:51,242 [INFO] DependencyParser:915 - This component is not compatible with the current MCU : [1598820977783, 1598820977785, 1598820977793]
2021-02-03 21:30:51,242 [INFO] ThirdPartyModel:556 - Component with status : MCU_INCOMPATIBLE for condition : MotionAD Condition id : 1598820969088
2021-02-03 21:30:51,243 [WARN] ApiManager:274 - Cannot register API 'Board Extension:IKS01A3' from pack STMicroelectronics.X-CUBE-MEMS1.8.0.0: no header file found
2021-02-03 21:30:51,244 [WARN] ApiManager:274 - Cannot register API 'Board Extension:IKS01A2' from pack STMicroelectronics.X-CUBE-MEMS1.8.0.0: no header file found
2021-02-03 21:30:51,251 [WARN] ApiManager:274 - Cannot register API 'Board Extension:IKS02A1' from pack STMicroelectronics.X-CUBE-MEMS1.8.0.0: no header file found
2021-02-03 21:30:51,251 [INFO] DependencyParser:915 - This component is not compatible with the current MCU : [1602415243140]
2021-02-03 21:30:51,252 [INFO] ThirdPartyModel:556 - Component with status : MCU_INCOMPATIBLE for condition : GFX01M1_Condition id : 1602415243125
2021-02-03 21:30:51,252 [INFO] DependencyParser:915 - This component is not compatible with the current MCU : [1602415243140]
2021-02-03 21:30:51,252 [INFO] ThirdPartyModel:556 - Component with status : MCU_INCOMPATIBLE for condition : GFX01M1_HelloWorld_Condition id : 1602415243127
2021-02-03 21:30:51,290 [INFO] DependencyParser:915 - This component is not compatible with the current MCU : [1599619667329, 1599619667331, 1599619667339]
2021-02-03 21:30:51,291 [INFO] ThirdPartyModel:556 - Component with status : MCU_INCOMPATIBLE for condition : IKS01A3 Accelerometer Calibration Condition id : 1599619657504
2021-02-03 21:30:51,291 [INFO] DependencyParser:915 - This component is not compatible with the current MCU : [1599619667329, 1599619667331, 1599619667339]
2021-02-03 21:30:51,292 [INFO] ThirdPartyModel:556 - Component with status : MCU_INCOMPATIBLE for condition : IKS01A3 Vertical Context Condition id : 1599619657554
2021-02-03 21:30:51,292 [INFO] DependencyParser:915 - This component is not compatible with the current MCU : [1599619667329, 1599619667331, 1599619667339]
2021-02-03 21:30:51,293 [INFO] ThirdPartyModel:556 - Component with status : MCU_INCOMPATIBLE for condition : IKS01A3 Carry Position Condition id : 1599619657572
2021-02-03 21:30:51,293 [INFO] DependencyParser:915 - This component is not compatible with the current MCU : [1599619667329, 1599619667331, 1599619667339]
2021-02-03 21:30:51,294 [INFO] ThirdPartyModel:556 - Component with status : MCU_INCOMPATIBLE for condition : IKS01A3 Gesture Recognition Condition id : 1599619657607
2021-02-03 21:30:51,294 [INFO] DependencyParser:915 - This component is not compatible with the current MCU : [1599619667329, 1599619667331, 1599619667339]
2021-02-03 21:30:51,295 [INFO] ThirdPartyModel:556 - Component with status : MCU_INCOMPATIBLE for condition : IKS01A3 Dynamic Inclinometer Condition id : 1599619657625
2021-02-03 21:30:51,295 [INFO] DependencyParser:915 - This component is not compatible with the current MCU : [1599619667329, 1599619667331, 1599619667339]
2021-02-03 21:30:51,295 [INFO] ThirdPartyModel:556 - Component with status : MCU_INCOMPATIBLE for condition : IKS01A3 Airplane Detection Condition id : 1599619657643
2021-02-03 21:30:51,297 [INFO] DependencyParser:915 - This component is not compatible with the current MCU : [1599619667329, 1599619667331, 1599619667339]
2021-02-03 21:30:51,297 [INFO] ThirdPartyModel:556 - Component with status : MCU_INCOMPATIBLE for condition : IKS01A2 Accelerometer Calibration Condition id : 1599619657891
2021-02-03 21:30:51,298 [INFO] DependencyParser:915 - This component is not compatible with the current MCU : [1599619667329, 1599619667331, 1599619667339]
2021-02-03 21:30:51,298 [INFO] ThirdPartyModel:556 - Component with status : MCU_INCOMPATIBLE for condition : IKS01A2 Vertical Context Condition id : 1599619657941
2021-02-03 21:30:51,299 [INFO] DependencyParser:915 - This component is not compatible with the current MCU : [1599619667329, 1599619667331, 1599619667339]
2021-02-03 21:30:51,299 [INFO] ThirdPartyModel:556 - Component with status : MCU_INCOMPATIBLE for condition : IKS01A2 Carry Position Condition id : 1599619657959
2021-02-03 21:30:51,300 [INFO] DependencyParser:915 - This component is not compatible with the current MCU : [1599619667329, 1599619667331, 1599619667339]
2021-02-03 21:30:51,300 [INFO] ThirdPartyModel:556 - Component with status : MCU_INCOMPATIBLE for condition : IKS01A2 Gesture Recognition Condition id : 1599619657994
2021-02-03 21:30:51,300 [INFO] DependencyParser:915 - This component is not compatible with the current MCU : [1599619667329, 1599619667331, 1599619667339]
2021-02-03 21:30:51,301 [INFO] ThirdPartyModel:556 - Component with status : MCU_INCOMPATIBLE for condition : IKS01A2 Dynamic Inclinometer Condition id : 1599619658012
2021-02-03 21:30:51,301 [INFO] DependencyParser:915 - This component is not compatible with the current MCU : [1599619667329, 1599619667331, 1599619667339]
2021-02-03 21:30:51,301 [INFO] ThirdPartyModel:556 - Component with status : MCU_INCOMPATIBLE for condition : IKS01A2 Airplane Detection Condition id : 1599619658030
2021-02-03 21:30:51,302 [INFO] DependencyParser:915 - This component is not compatible with the current MCU : [1599619667329, 1599619667331, 1599619667339]
2021-02-03 21:30:51,302 [INFO] ThirdPartyModel:556 - Component with status : MCU_INCOMPATIBLE for condition : IKS02A1 Accelerometer Calibration Condition id : 1599619658094
2021-02-03 21:30:51,303 [INFO] DependencyParser:915 - This component is not compatible with the current MCU : [1599619667329, 1599619667331, 1599619667339]
2021-02-03 21:30:51,303 [INFO] ThirdPartyModel:556 - Component with status : MCU_INCOMPATIBLE for condition : IKS02A1 Dynamic Inclinometer Condition id : 1599619658161
2021-02-03 21:30:51,305 [INFO] DependencyParser:915 - This component is not compatible with the current MCU : [1599619667329, 1599619667331, 1599619667339]
2021-02-03 21:30:51,305 [INFO] ThirdPartyModel:556 - Component with status : MCU_INCOMPATIBLE for condition : CUSTOM Accelerometer Calibration Condition id : 1599619658381
2021-02-03 21:30:51,306 [INFO] DependencyParser:915 - This component is not compatible with the current MCU : [1599619667329, 1599619667331, 1599619667339]
2021-02-03 21:30:51,306 [INFO] ThirdPartyModel:556 - Component with status : MCU_INCOMPATIBLE for condition : CUSTOM Vertical Context Condition id : 1599619658412
2021-02-03 21:30:51,306 [INFO] DependencyParser:915 - This component is not compatible with the current MCU : [1599619667329, 1599619667331, 1599619667339]
2021-02-03 21:30:51,307 [INFO] ThirdPartyModel:556 - Component with status : MCU_INCOMPATIBLE for condition : CUSTOM Carry Position Condition id : 1599619658426
2021-02-03 21:30:51,307 [INFO] DependencyParser:915 - This component is not compatible with the current MCU : [1599619667329, 1599619667331, 1599619667339]
2021-02-03 21:30:51,307 [INFO] ThirdPartyModel:556 - Component with status : MCU_INCOMPATIBLE for condition : CUSTOM Gesture Recognition Condition id : 1599619658451
2021-02-03 21:30:51,308 [INFO] DependencyParser:915 - This component is not compatible with the current MCU : [1599619667329, 1599619667331, 1599619667339]
2021-02-03 21:30:51,308 [INFO] ThirdPartyModel:556 - Component with status : MCU_INCOMPATIBLE for condition : CUSTOM Dynamic Inclinometer Condition id : 1599619658463
2021-02-03 21:30:51,308 [INFO] DependencyParser:915 - This component is not compatible with the current MCU : [1599619667329, 1599619667331, 1599619667339]
2021-02-03 21:30:51,308 [INFO] ThirdPartyModel:556 - Component with status : MCU_INCOMPATIBLE for condition : CUSTOM Airplane Detection Condition id : 1599619658477
2021-02-03 21:30:51,309 [INFO] DependencyParser:915 - This component is not compatible with the current MCU : [1599619667329, 1599619667331, 1599619667339]
2021-02-03 21:30:51,311 [INFO] ThirdPartyModel:556 - Component with status : MCU_INCOMPATIBLE for condition : MotionAC Condition id : 1599619658530
2021-02-03 21:30:51,311 [INFO] DependencyParser:915 - This component is not compatible with the current MCU : [1599619667329, 1599619667331, 1599619667339]
2021-02-03 21:30:51,312 [INFO] ThirdPartyModel:556 - Component with status : MCU_INCOMPATIBLE for condition : MotionVC Condition id : 1599619658538
2021-02-03 21:30:51,312 [INFO] DependencyParser:915 - This component is not compatible with the current MCU : [1599619667329, 1599619667331, 1599619667339]
2021-02-03 21:30:51,312 [INFO] ThirdPartyModel:556 - Component with status : MCU_INCOMPATIBLE for condition : MotionCP Condition id : 1599619658542
2021-02-03 21:30:51,313 [INFO] DependencyParser:915 - This component is not compatible with the current MCU : [1599619667329, 1599619667331, 1599619667339]
2021-02-03 21:30:51,313 [INFO] ThirdPartyModel:556 - Component with status : MCU_INCOMPATIBLE for condition : MotionGR Condition id : 1599619658548
2021-02-03 21:30:51,313 [INFO] DependencyParser:915 - This component is not compatible with the current MCU : [1599619667329, 1599619667331, 1599619667339]
2021-02-03 21:30:51,313 [INFO] ThirdPartyModel:556 - Component with status : MCU_INCOMPATIBLE for condition : MotionDI Condition id : 1599619658552
2021-02-03 21:30:51,314 [INFO] DependencyParser:915 - This component is not compatible with the current MCU : [1599619667329, 1599619667331, 1599619667339]
2021-02-03 21:30:51,314 [INFO] ThirdPartyModel:556 - Component with status : MCU_INCOMPATIBLE for condition : MotionAD Condition id : 1599619658556
2021-02-03 21:30:51,315 [WARN] ApiManager:274 - Cannot register API 'Board Extension:IKS01A3' from pack STMicroelectronics.X-CUBE-MEMS1.8.1.0: no header file found
2021-02-03 21:30:51,315 [WARN] ApiManager:274 - Cannot register API 'Board Extension:IKS01A2' from pack STMicroelectronics.X-CUBE-MEMS1.8.1.0: no header file found
2021-02-03 21:30:51,315 [WARN] ApiManager:274 - Cannot register API 'Board Extension:IKS02A1' from pack STMicroelectronics.X-CUBE-MEMS1.8.1.0: no header file found
2021-02-03 21:30:51,320 [INFO] RtosManager:456 - Registered RTOS mode: class=CMSIS, group=RTOS, mode=CMSIS_V1, owner=FREERTOS
2021-02-03 21:30:51,320 [INFO] RtosManager:456 - Registered RTOS mode: class=CMSIS, group=RTOS2, mode=CMSIS_V2, owner=FREERTOS
2021-02-03 21:30:51,321 [INFO] RtosManager:456 - Registered RTOS mode: class=RTOS, group=Core, mode=CMSIS_V1, owner=FREERTOS
2021-02-03 21:30:51,321 [INFO] RtosManager:456 - Registered RTOS mode: class=RTOS, group=Core, mode=CMSIS_V2, owner=FREERTOS
2021-02-03 21:30:51,322 [WARN] ModelIntegratedComponent:188 - Missing modes for component 1598820984351
2021-02-03 21:30:51,323 [WARN] ApiManager:274 - Cannot register API 'Wireless:BlueNRG-2' from pack STMicroelectronics.X-CUBE-BLE2.2.0.0: no header file found
2021-02-03 21:30:51,325 [WARN] ApiManager:274 - Cannot register API 'Board Extension:GNSS1A1' from pack STMicroelectronics.X-CUBE-GNSS1.5.0.0: no header file found
2021-02-03 21:30:51,326 [WARN] ApiManager:274 - Cannot register API 'Board Support:Custom' from pack STMicroelectronics.X-CUBE-GNSS1.5.0.0: no header file found
2021-02-03 21:30:51,326 [WARN] ApiManager:274 - Cannot register API 'Data Exchange:lib_gnss' from pack STMicroelectronics.X-CUBE-GNSS1.5.0.0: no header file found
2021-02-03 21:30:51,327 [WARN] ApiManager:274 - Cannot register API 'Board Extension:GNSS1A1' from pack STMicroelectronics.X-CUBE-GNSS1.5.1.0: no header file found
2021-02-03 21:30:51,328 [WARN] ApiManager:274 - Cannot register API 'Board Support:Custom' from pack STMicroelectronics.X-CUBE-GNSS1.5.1.0: no header file found
2021-02-03 21:30:51,328 [WARN] ApiManager:274 - Cannot register API 'Data Exchange:lib_gnss' from pack STMicroelectronics.X-CUBE-GNSS1.5.1.0: no header file found
2021-02-03 21:30:51,329 [WARN] ApiManager:274 - Cannot register API 'Board Extension:S2868A1' from pack STMicroelectronics.X-CUBE-SUBG2.2.0.0: no header file found
2021-02-03 21:30:51,329 [WARN] ApiManager:274 - Cannot register API 'Board Extension:S2868A2' from pack STMicroelectronics.X-CUBE-SUBG2.2.0.0: no header file found
2021-02-03 21:30:51,330 [WARN] ApiManager:274 - Cannot register API 'Board Extension:S2915A1' from pack STMicroelectronics.X-CUBE-SUBG2.2.0.0: no header file found
2021-02-03 21:30:51,330 [WARN] ApiManager:274 - Cannot register API 'Wireless:BlueNRG-MS' from pack STMicroelectronics.X-CUBE-BLE1.6.0.0: no header file found
2021-02-03 21:30:51,331 [WARN] ApiManager:274 - Cannot register API 'Wireless:BlueNRG-MS' from pack STMicroelectronics.X-CUBE-BLE1.6.1.0: no header file found
2021-02-03 21:30:51,336 [WARN] ApiManager:274 - Cannot register API 'Board Extension:NFC04A1' from pack STMicroelectronics.X-CUBE-NFC4.2.0.1: no header file found
2021-02-03 21:30:51,338 [WARN] ApiManager:274 - Cannot register API 'Wireless:BlueNRG-2' from pack STMicroelectronics.X-CUBE-BLE2.3.0.0: no header file found
2021-02-03 21:30:51,339 [WARN] ApiManager:274 - Cannot register API 'Wireless:BlueNRG-2' from pack STMicroelectronics.X-CUBE-BLE2.3.1.0: no header file found
2021-02-03 21:30:57,110 [INFO] UtilMem:74 - End LoadConfig() Used Memory: 411941600 Bytes (785383424)
2021-02-03 21:30:57,117 [WARN] ThirdParty:741 - waiting for thirdparty lock release [change project]
2021-02-03 21:30:57,117 [INFO] ThirdParty:743 - entering critical section [change project]
2021-02-03 21:30:57,117 [INFO] ThirdParty:968 - CMSIS Pack Vendor :STMicroelectronics USB_HOST 2.0.0
2021-02-03 21:30:57,117 [INFO] ThirdParty:968 - CMSIS Pack Vendor :STMicroelectronics X-CUBE-SUBG2 3.0.1
2021-02-03 21:30:57,118 [INFO] ThirdParty:968 - CMSIS Pack Vendor :STMicroelectronics X-CUBE-SUBG2 3.0.0
2021-02-03 21:30:57,118 [INFO] ThirdParty:968 - CMSIS Pack Vendor :STMicroelectronics USB_DEVICE 3.0.0
2021-02-03 21:30:57,118 [INFO] ThirdParty:968 - CMSIS Pack Vendor :STMicroelectronics MBEDTLS 2.16.2
2021-02-03 21:30:57,118 [INFO] ThirdParty:968 - CMSIS Pack Vendor :STMicroelectronics X-CUBE-SFXS2LP1 2.0.0
2021-02-03 21:30:57,118 [INFO] ThirdParty:968 - CMSIS Pack Vendor :STMicroelectronics MBEDTLS 2.14.1
2021-02-03 21:30:57,118 [INFO] ThirdParty:968 - CMSIS Pack Vendor :STMicroelectronics USB_DEVICE 2.0.0
2021-02-03 21:30:57,119 [INFO] ThirdParty:968 - CMSIS Pack Vendor :STMicroelectronics X-CUBE-MEMS1 8.1.1
2021-02-03 21:30:57,119 [INFO] ThirdParty:968 - CMSIS Pack Vendor :STMicroelectronics X-CUBE-MEMS1 8.2.0
2021-02-03 21:30:57,119 [INFO] ThirdParty:968 - CMSIS Pack Vendor :STMicroelectronics X-CUBE-EEPRMA1 3.0.0
2021-02-03 21:30:57,119 [INFO] ThirdParty:968 - CMSIS Pack Vendor :STMicroelectronics X-CUBE-MEMS1 8.0.0
2021-02-03 21:30:57,119 [INFO] ThirdParty:968 - CMSIS Pack Vendor :STMicroelectronics X-CUBE-DISPLAY 1.0.0
2021-02-03 21:30:57,119 [INFO] ThirdParty:968 - CMSIS Pack Vendor :STMicroelectronics X-CUBE-MEMS1 8.1.0
2021-02-03 21:30:57,120 [INFO] ThirdParty:968 - CMSIS Pack Vendor :STMicroelectronics FreeRTOS 0.0.1
2021-02-03 21:30:57,123 [INFO] ThirdParty:968 - CMSIS Pack Vendor :STMicroelectronics USB_DEVICE 1.0.0
2021-02-03 21:30:57,123 [INFO] ThirdParty:968 - CMSIS Pack Vendor :STMicroelectronics X-CUBE-BLE2 2.0.0
2021-02-03 21:30:57,123 [INFO] ThirdParty:968 - CMSIS Pack Vendor :STMicroelectronics X-CUBE-ALGOBUILD 1.1.0
2021-02-03 21:30:57,123 [INFO] ThirdParty:968 - CMSIS Pack Vendor :STMicroelectronics X-CUBE-GNSS1 5.0.0
2021-02-03 21:30:57,123 [INFO] ThirdParty:968 - CMSIS Pack Vendor :STMicroelectronics X-CUBE-GNSS1 5.1.0
2021-02-03 21:30:57,123 [INFO] ThirdParty:968 - CMSIS Pack Vendor :STMicroelectronics X-CUBE-SUBG2 2.0.0
2021-02-03 21:30:57,124 [INFO] ThirdParty:968 - CMSIS Pack Vendor :STMicroelectronics X-CUBE-BLE1 6.0.0
2021-02-03 21:30:57,124 [INFO] ThirdParty:968 - CMSIS Pack Vendor :STMicroelectronics X-CUBE-BLE1 6.1.0
2021-02-03 21:30:57,124 [INFO] ThirdParty:968 - CMSIS Pack Vendor :STMicroelectronics lwIP 2.0.3
2021-02-03 21:30:57,124 [INFO] ThirdParty:968 - CMSIS Pack Vendor :STMicroelectronics lwIP 2.1.2
2021-02-03 21:30:57,124 [INFO] ThirdParty:968 - CMSIS Pack Vendor :STMicroelectronics USB_HOST 1.0.0
2021-02-03 21:30:57,124 [INFO] ThirdParty:968 - CMSIS Pack Vendor :STMicroelectronics X-CUBE-TOUCHGFX 4.15.0
2021-02-03 21:30:57,125 [INFO] ThirdParty:968 - CMSIS Pack Vendor :STMicroelectronics X-CUBE-TOUCHGFX 4.14.0
2021-02-03 21:30:57,125 [INFO] ThirdParty:968 - CMSIS Pack Vendor :STMicroelectronics X-CUBE-AI 5.2.0
2021-02-03 21:30:57,125 [INFO] ThirdParty:968 - CMSIS Pack Vendor :STMicroelectronics X-CUBE-NFC4 2.0.1
2021-02-03 21:30:57,125 [INFO] ThirdParty:968 - CMSIS Pack Vendor :STMicroelectronics X-CUBE-AI 5.1.2
2021-02-03 21:30:57,125 [INFO] ThirdParty:968 - CMSIS Pack Vendor :STMicroelectronics X-CUBE-NFC4 2.0.0
2021-02-03 21:30:57,125 [INFO] ThirdParty:968 - CMSIS Pack Vendor :STMicroelectronics PDM2PCM 3.1.0
2021-02-03 21:30:57,126 [INFO] ThirdParty:968 - CMSIS Pack Vendor :STMicroelectronics X-CUBE-BLE2 3.0.0
2021-02-03 21:30:57,131 [INFO] ThirdParty:968 - CMSIS Pack Vendor :STMicroelectronics X-CUBE-TOUCHGFX 4.16.0
2021-02-03 21:30:57,132 [INFO] ThirdParty:968 - CMSIS Pack Vendor :STMicroelectronics PDM2PCM 3.2.0
2021-02-03 21:30:57,132 [INFO] ThirdParty:968 - CMSIS Pack Vendor :STMicroelectronics X-CUBE-BLE2 3.1.0
2021-02-03 21:30:57,132 [INFO] ThirdParty:968 - CMSIS Pack Vendor :STMicroelectronics PDM2PCM 3.3.0
2021-02-03 21:30:57,132 [INFO] ThirdParty:749 - exiting critical section [change project]
2021-02-03 21:30:58,673 [INFO] PinOutPanel:1418 - setPackage(No Configuration,No Configuration)
2021-02-03 21:30:58,677 [INFO] PinOutPanel:1418 - setPackage(STM32F072C8Tx,LQFP48)
2021-02-03 21:31:01,843 [INFO] UtilMem:74 - Before build in PCC Used Memory: 485639744 Bytes (785383424)
2021-02-03 21:31:03,617 [INFO] SharedServices:71 - Folder for power plug-in: C:/Users/Михаил/.stm32cubemx/plugins/power
2021-02-03 21:31:03,795 [INFO] SharedServices:71 - Folder for power plug-in: C:/Users/Михаил/.stm32cubemx/plugins/power
2021-02-03 21:31:03,909 [INFO] SharedServices:71 - Folder for power plug-in: C:/Users/Михаил/.stm32cubemx/plugins/power
2021-02-03 21:31:03,941 [INFO] SharedServices:71 - Folder for power plug-in: C:/Users/Михаил/.stm32cubemx/plugins/power
2021-02-03 21:31:04,459 [INFO] UtilMem:74 - After build in PCC Used Memory: 542785096 Bytes (785383424)
2021-02-03 21:31:04,576 [INFO] IPUIPlugin:64 - create IPUIPlugin
2021-02-03 21:31:04,577 [INFO] IPUIPlugin:64 - create IPUIPlugin
2021-02-03 21:31:04,577 [INFO] IPUIPlugin:64 - create IPUIPlugin
2021-02-03 21:31:04,577 [INFO] IPUIPlugin:64 - create IPUIPlugin
2021-02-03 21:31:04,578 [INFO] IPUIPlugin:64 - create IPUIPlugin
2021-02-03 21:31:04,579 [INFO] IPUIPlugin:64 - create IPUIPlugin
2021-02-03 21:31:04,579 [INFO] IPUIPlugin:64 - create IPUIPlugin
2021-02-03 21:31:04,580 [INFO] IPUIPlugin:64 - create IPUIPlugin
2021-02-03 21:31:04,580 [INFO] IPUIPlugin:64 - create IPUIPlugin
2021-02-03 21:31:04,581 [INFO] IPUIPlugin:64 - create IPUIPlugin
2021-02-03 21:31:04,582 [INFO] IPUIPlugin:64 - create IPUIPlugin
2021-02-03 21:31:04,582 [INFO] IPUIPlugin:64 - create IPUIPlugin
2021-02-03 21:31:04,582 [INFO] IPUIPlugin:64 - create IPUIPlugin
2021-02-03 21:31:04,583 [INFO] IPUIPlugin:64 - create IPUIPlugin
2021-02-03 21:31:04,583 [INFO] IPUIPlugin:64 - create IPUIPlugin
2021-02-03 21:31:04,585 [INFO] IPUIPlugin:64 - create IPUIPlugin
2021-02-03 21:31:04,585 [INFO] IPUIPlugin:64 - create IPUIPlugin
2021-02-03 21:31:04,586 [INFO] IPUIPlugin:64 - create IPUIPlugin
2021-02-03 21:31:04,586 [INFO] IPUIPlugin:64 - create IPUIPlugin
2021-02-03 21:31:04,589 [INFO] IPUIPlugin:64 - create IPUIPlugin
2021-02-03 21:31:04,590 [INFO] IPUIPlugin:64 - create IPUIPlugin
2021-02-03 21:31:04,591 [INFO] IPUIPlugin:64 - create IPUIPlugin
2021-02-03 21:31:04,591 [INFO] IPUIPlugin:64 - create IPUIPlugin
2021-02-03 21:31:04,591 [INFO] IPUIPlugin:64 - create IPUIPlugin
2021-02-03 21:31:04,592 [INFO] IPUIPlugin:64 - create IPUIPlugin
2021-02-03 21:31:04,592 [INFO] IPUIPlugin:64 - create IPUIPlugin
2021-02-03 21:31:04,593 [INFO] IPUIPlugin:64 - create IPUIPlugin
2021-02-03 21:31:04,593 [INFO] IPUIPlugin:64 - create IPUIPlugin
2021-02-03 21:31:04,593 [INFO] IPUIPlugin:64 - create IPUIPlugin
2021-02-03 21:31:04,594 [INFO] IPUIPlugin:64 - create IPUIPlugin
2021-02-03 21:31:04,594 [INFO] IPUIPlugin:64 - create IPUIPlugin
2021-02-03 21:31:04,594 [INFO] IPUIPlugin:64 - create IPUIPlugin
2021-02-03 21:31:04,595 [INFO] IPUIPlugin:64 - create IPUIPlugin
2021-02-03 21:31:04,595 [INFO] IPUIPlugin:64 - create IPUIPlugin
2021-02-03 21:31:04,596 [INFO] IPUIPlugin:64 - create IPUIPlugin
2021-02-03 21:31:04,596 [INFO] IPUIPlugin:64 - create IPUIPlugin
2021-02-03 21:31:04,596 [INFO] IPUIPlugin:64 - create IPUIPlugin
2021-02-03 21:31:04,597 [INFO] IPUIPlugin:64 - create IPUIPlugin
2021-02-03 21:31:04,597 [INFO] IPUIPlugin:64 - create IPUIPlugin
2021-02-03 21:31:04,598 [INFO] IPUIPlugin:64 - create IPUIPlugin
2021-02-03 21:31:04,598 [INFO] IPUIPlugin:64 - create IPUIPlugin
2021-02-03 21:31:04,738 [INFO] LogOutputStream:76 - [STDOUT_REDIRECT] toolchainItems.length=====1
2021-02-03 21:31:05,523 [INFO] OpenFileManager:294 - Restore cursor
2021-02-03 21:31:06,566 [INFO] UtilMem:74 - End SaveConfig() Used Memory: 605344568 Bytes (785383424)
2021-02-03 21:31:06,680 [INFO] UtilMem:74 - End SaveConfig() Used Memory: 611109696 Bytes (785383424)
2021-02-03 21:31:08,023 [INFO] BlockDiagram:2729 - set Specific Code input for plugin: NVIC
2021-02-03 21:31:08,024 [INFO] BlockDiagram:2729 - set Specific Code input for plugin: SYS
2021-02-03 21:31:08,024 [INFO] BlockDiagram:2729 - set Specific Code input for plugin: RCC
2021-02-03 21:31:08,025 [INFO] CodeGenerator:622 - code generatio: config db path: C:\ST\STM32CubeIDE_1.4.0\STM32CubeIDE\plugins\com.st.stm32cube.common.mx_6.0.1.202008101643\\db\
2021-02-03 21:31:09,819 [INFO] CodeEngine:188 - oldGeneratedFile, C:\Video\GPIO\GPIO_4\MXTmpFiles\license.tmp_save
2021-02-03 21:31:12,301 [INFO] CodeEngine:206 - Generated code: C:\Video\GPIO\GPIO_4\MXTmpFiles\license.tmp
2021-02-03 21:31:12,703 [INFO] CodeEngine:188 - oldGeneratedFile, C:\Video\GPIO\GPIO_4\Core\Src\stm32f0xx_it.c_save
2021-02-03 21:31:13,362 [INFO] CodeEngine:206 - Generated code: C:\Video\GPIO\GPIO_4\Core\Src\stm32f0xx_it.c
2021-02-03 21:31:13,378 [INFO] CodeEngine:188 - oldGeneratedFile, C:\Video\GPIO\GPIO_4\Core\Inc\stm32f0xx_it.h_save
2021-02-03 21:31:13,575 [INFO] CodeEngine:206 - Generated code: C:\Video\GPIO\GPIO_4\Core\Inc\stm32f0xx_it.h
2021-02-03 21:31:13,597 [INFO] CodeEngine:188 - oldGeneratedFile, C:\Video\GPIO\GPIO_4\Core\Src\stm32f0xx_hal_msp.c_save
2021-02-03 21:31:14,009 [INFO] CodeEngine:206 - Generated code: C:\Video\GPIO\GPIO_4\Core\Src\stm32f0xx_hal_msp.c
2021-02-03 21:31:14,017 [INFO] CodeEngine:188 - oldGeneratedFile, C:\Video\GPIO\GPIO_4\MXTmpFiles\system.tmp_save
2021-02-03 21:31:14,195 [INFO] CodeEngine:206 - Generated code: C:\Video\GPIO\GPIO_4\MXTmpFiles\system.tmp
2021-02-03 21:31:14,205 [INFO] CodeEngine:188 - oldGeneratedFile, C:\Video\GPIO\GPIO_4\Core\Inc\stm32f0xx_hal_conf.h_save
2021-02-03 21:31:14,425 [INFO] CodeEngine:206 - Generated code: C:\Video\GPIO\GPIO_4\Core\Inc\stm32f0xx_hal_conf.h
2021-02-03 21:31:14,494 [INFO] CodeEngine:188 - oldGeneratedFile, C:\Video\GPIO\GPIO_4\Core\Inc\main.h_save
2021-02-03 21:31:14,780 [INFO] CodeEngine:206 - Generated code: C:\Video\GPIO\GPIO_4\Core\Inc\main.h
2021-02-03 21:31:14,789 [INFO] CodeEngine:188 - oldGeneratedFile, C:\Video\GPIO\GPIO_4\Core\Src\main.c_save
2021-02-03 21:31:15,085 [INFO] CodeEngine:206 - Generated code: C:\Video\GPIO\GPIO_4\Core\Src\main.c
2021-02-03 21:31:17,322 [INFO] ProjectBuilder:2168 - Time for Copy HAL[1] : 373mS.
2021-02-03 21:31:17,375 [INFO] ProjectBuilder:2988 - Project Generator version: 3.10.0-B14
2021-02-03 21:31:19,565 [INFO] ConfigFileManager:1183 - The Die is : DIE448
2021-02-03 21:31:19,784 [INFO] ApiDbMcu:456 - Load IP Config File for FATFS
2021-02-03 21:31:19,860 [INFO] ApiDbMcu:456 - Load IP Config File for FREERTOS
2021-02-03 21:31:19,924 [INFO] ApiDbMcu:456 - Load IP Config File for TOUCHSENSING
2021-02-03 21:31:20,023 [INFO] ApiDbMcu:456 - Load IP Config File for USB_DEVICE
2021-02-03 21:31:56,878 [ERROR] root:96 - SUCCESS
2021-02-03 21:31:57,202 [INFO] ProjectBuilder:3155 - Time for Generating toolchain IDE Files: 39827mS.
2021-02-03 21:31:57,203 [INFO] ProjectBuilder:2044 - Time for Copy CMSIS : 0mS.
2021-02-03 21:31:57,205 [INFO] ProjectBuilder:2044 - Time for Copy CMSIS : 0mS.
2021-02-03 21:32:05,952 [INFO] ApiDb:226 - Save user favorites file C:\Users\Михаил/.stm32cubeide/favorites.mcus.txt: 0 item(s)
2021-02-03 21:32:06,007 [INFO] ApiDb:230 - User favorites MCUs=[]
2021-02-03 21:33:27,009 [INFO] UtilMem:74 - End SaveConfig() Used Memory: 487542400 Bytes (1037041664)
2021-02-03 21:33:34,356 [INFO] UtilMem:74 - End SaveConfig() Used Memory: 645947496 Bytes (1037041664)
2021-02-03 21:33:35,376 [INFO] BlockDiagram:2729 - set Specific Code input for plugin: NVIC
2021-02-03 21:33:35,376 [INFO] BlockDiagram:2729 - set Specific Code input for plugin: SYS
2021-02-03 21:33:35,376 [INFO] BlockDiagram:2729 - set Specific Code input for plugin: GPIO
2021-02-03 21:33:35,377 [INFO] BlockDiagram:2729 - set Specific Code input for plugin: RCC
2021-02-03 21:33:35,378 [INFO] CodeGenerator:622 - code generatio: config db path: C:\ST\STM32CubeIDE_1.4.0\STM32CubeIDE\plugins\com.st.stm32cube.common.mx_6.0.1.202008101643\\db\
2021-02-03 21:33:36,039 [INFO] CodeEngine:188 - oldGeneratedFile, C:\Video\GPIO\GPIO_4\MXTmpFiles\license.tmp_save
2021-02-03 21:33:36,200 [INFO] CodeEngine:206 - Generated code: C:\Video\GPIO\GPIO_4\MXTmpFiles\license.tmp
2021-02-03 21:33:36,465 [INFO] CodeEngine:188 - oldGeneratedFile, C:\Video\GPIO\GPIO_4\MXTmpFiles\gpio.tmp_save
2021-02-03 21:33:36,672 [INFO] CodeEngine:206 - Generated code: C:\Video\GPIO\GPIO_4\MXTmpFiles\gpio.tmp
2021-02-03 21:33:36,733 [INFO] CodeEngine:188 - oldGeneratedFile, C:\Video\GPIO\GPIO_4\Core\Src\stm32f0xx_it.c_save
2021-02-03 21:33:36,926 [INFO] CodeEngine:206 - Generated code: C:\Video\GPIO\GPIO_4\Core\Src\stm32f0xx_it.c
2021-02-03 21:33:36,936 [INFO] CodeEngine:188 - oldGeneratedFile, C:\Video\GPIO\GPIO_4\Core\Inc\stm32f0xx_it.h_save
2021-02-03 21:33:37,098 [INFO] CodeEngine:206 - Generated code: C:\Video\GPIO\GPIO_4\Core\Inc\stm32f0xx_it.h
2021-02-03 21:33:37,114 [INFO] CodeEngine:188 - oldGeneratedFile, C:\Video\GPIO\GPIO_4\Core\Src\stm32f0xx_hal_msp.c_save
2021-02-03 21:33:37,381 [INFO] CodeEngine:206 - Generated code: C:\Video\GPIO\GPIO_4\Core\Src\stm32f0xx_hal_msp.c
2021-02-03 21:33:37,390 [INFO] CodeEngine:188 - oldGeneratedFile, C:\Video\GPIO\GPIO_4\MXTmpFiles\system.tmp_save
2021-02-03 21:33:37,590 [INFO] CodeEngine:206 - Generated code: C:\Video\GPIO\GPIO_4\MXTmpFiles\system.tmp
2021-02-03 21:33:37,601 [INFO] CodeEngine:188 - oldGeneratedFile, C:\Video\GPIO\GPIO_4\Core\Inc\stm32f0xx_hal_conf.h_save
2021-02-03 21:33:37,752 [INFO] CodeEngine:206 - Generated code: C:\Video\GPIO\GPIO_4\Core\Inc\stm32f0xx_hal_conf.h
2021-02-03 21:33:37,789 [WARN] IPConfigManager:2884 - IP not found : gpio
2021-02-03 21:33:37,790 [WARN] CodeGenerator:2866 - IP not found : gpio
2021-02-03 21:33:37,800 [INFO] CodeEngine:188 - oldGeneratedFile, C:\Video\GPIO\GPIO_4\Core\Inc\main.h_save
2021-02-03 21:33:37,964 [INFO] CodeEngine:206 - Generated code: C:\Video\GPIO\GPIO_4\Core\Inc\main.h
2021-02-03 21:33:37,977 [INFO] CodeEngine:188 - oldGeneratedFile, C:\Video\GPIO\GPIO_4\Core\Src\main.c_save
2021-02-03 21:33:38,531 [INFO] CodeEngine:206 - Generated code: C:\Video\GPIO\GPIO_4\Core\Src\main.c
2021-02-03 21:33:40,116 [INFO] ProjectBuilder:2168 - Time for Copy HAL[1] : 104mS.
2021-02-03 21:33:40,121 [INFO] ProjectBuilder:2988 - Project Generator version: 3.10.0-B14
2021-02-03 21:33:40,921 [INFO] ConfigFileManager:1183 - The Die is : DIE448
2021-02-03 21:33:51,387 [INFO] ProjectBuilder:3155 - Time for Generating toolchain IDE Files: 11266mS.
2021-02-03 21:33:51,389 [INFO] ProjectBuilder:2044 - Time for Copy CMSIS : 1mS.
2021-02-03 21:33:51,391 [INFO] ProjectBuilder:2044 - Time for Copy CMSIS : 0mS.
2021-02-04 14:49:23,418 [INFO] Activator:178 - 


2021-02-04 14:49:23,488 [INFO] Activator:179 - !SESSION log4j initialized
2021-02-04 14:49:43,740 [INFO] RetryExec:97 - I/O exception (org.apache.http.NoHttpResponseException) caught when processing request to {s}->https://download.eclipse.org:443: The target server failed to respond
2021-02-04 14:49:43,743 [INFO] RetryExec:113 - Retrying request to {s}->https://download.eclipse.org:443
2021-02-05 02:29:31,998 [INFO] Activator:178 - 


2021-02-05 02:29:32,043 [INFO] Activator:179 - !SESSION log4j initialized
